[2025-10-06 01:02:05] app.INFO: Prueba de logging {"action":"TEST_ACTION","actor_user_id":1,"test_field":"test_value","actor_username":"test_user","actor_email":"test@example.com","ip_address":"127.0.0.1","user_agent":"Test Script","timestamp":"2025-10-06T01:02:05+00:00"}
[2025-10-06 01:02:36] app.INFO: Aplicación iniciada []
[2025-10-06 01:02:38] app.INFO: Aplicación iniciada []
[2025-10-06 01:02:52] app.INFO: Aplicación iniciada []
[2025-10-06 01:02:52] app.INFO: Aplicación iniciada []
[2025-10-06 01:02:54] app.INFO: Aplicación iniciada []
[2025-10-06 01:02:55] app.INFO: Aplicación iniciada []
[2025-10-06 01:03:53] app.INFO: Aplicación iniciada []
[2025-10-06 01:03:53] app.INFO: Aplicación iniciada []
[2025-10-06 01:04:02] app.INFO: Aplicación iniciada []
[2025-10-06 01:04:02] app.INFO: Intentando crear usuario {"target_email":"cli@gmail.com","target_role":"user","actor_user_id":39,"actor_username":"CarlosAdmin","actor_email":"admin@admin.com","ip_address":"::1","user_agent":"Mozilla/5.0 (X11; Linux x86_64; rv:140.0) Gecko/20100101 Firefox/140.0","timestamp":"2025-10-06T01:04:02+00:00"}
[2025-10-06 01:04:02] app.INFO: ✅ Usuario creado exitosamente {"action":"USER_CREATED","target_user_id":40,"target_email":"cli@gmail.com","target_name":"cli cli","target_role":"user","actor_user_id":39,"actor_username":"CarlosAdmin","actor_email":"admin@admin.com","ip_address":"::1","user_agent":"Mozilla/5.0 (X11; Linux x86_64; rv:140.0) Gecko/20100101 Firefox/140.0","timestamp":"2025-10-06T01:04:02+00:00"}
[2025-10-06 01:04:02] app.INFO: Aplicación iniciada []
[2025-10-06 01:15:05] [INFO] Aplicación iniciada []
[2025-10-06 01:15:24] [INFO] Aplicación iniciada []
[2025-10-06 01:15:24] [INFO] Intentando crear usuario {"target_email":"congo@gmail.com","target_role":"user","actor_user_id":39,"actor_username":"CarlosAdmin","actor_email":"admin@admin.com","ip_address":"::1","user_agent":"Mozilla/5.0 (X11; Linux x86_64; rv:140.0) Gecko/20100101 Firefox/140.0","timestamp":"2025-10-06T01:15:24+00:00"}
[2025-10-06 01:15:24] [INFO] ✅ Usuario creado exitosamente {"action":"USER_CREATED","target_user_id":41,"target_email":"congo@gmail.com","target_name":"congo","target_role":"user","actor_user_id":39,"actor_username":"CarlosAdmin","actor_email":"admin@admin.com","ip_address":"::1","user_agent":"Mozilla/5.0 (X11; Linux x86_64; rv:140.0) Gecko/20100101 Firefox/140.0","timestamp":"2025-10-06T01:15:24+00:00"}
[2025-10-06 01:15:24] [INFO] Aplicación iniciada []
[2025-10-06 01:20:14] [INFO] Aplicación iniciada []
[2025-10-06 01:20:16] [INFO] Aplicación iniciada []
[2025-10-06 01:20:16] [INFO] Aplicación iniciada []
[2025-10-06 01:20:17] [INFO] Aplicación iniciada []
[2025-10-06 01:20:17] [INFO] Aplicación iniciada []
[2025-10-06 01:20:17] [INFO] Aplicación iniciada []
[2025-10-06 01:20:18] [INFO] Aplicación iniciada []
[2025-10-06 01:20:18] [INFO] Aplicación iniciada []
[2025-10-06 01:28:34] [INFO] Aplicación iniciada []
[2025-10-06 01:28:59] [INFO] Aplicación iniciada []
[2025-10-06 01:28:59] [INFO] Aplicación iniciada []
[2025-10-06 01:29:01] [INFO] Aplicación iniciada []
[2025-10-06 01:29:04] [INFO] Aplicación iniciada []
[2025-10-06 01:29:05] [INFO] Aplicación iniciada []
[2025-10-06 01:29:08] [INFO] Aplicación iniciada []
[2025-10-06 01:29:09] [INFO] Aplicación iniciada []
[2025-10-06 01:30:07] [INFO] Aplicación iniciada []
[2025-10-06 01:30:08] [INFO] Aplicación iniciada []
[2025-10-06 01:30:11] [INFO] Aplicación iniciada []
[2025-10-06 01:32:10] [INFO] Aplicación iniciada []
[2025-10-06 01:32:11] [INFO] Aplicación iniciada []
[2025-10-06 01:32:15] [INFO] Aplicación iniciada []
[2025-10-06 01:33:22] [INFO] Aplicación iniciada []
[2025-10-06 01:33:23] [INFO] Aplicación iniciada []
[2025-10-06 01:33:23] [ERROR] Router handler exception: Controlador Enoc\Login\Controllers\AuditDashboardController no existe []
[2025-10-06 01:36:17] [INFO] Aplicación iniciada []
[2025-10-06 01:36:18] [INFO] Aplicación iniciada []
[2025-10-06 01:36:32] [INFO] Aplicación iniciada []
[2025-10-06 01:36:33] [INFO] Aplicación iniciada []
[2025-10-06 01:36:34] [INFO] Aplicación iniciada []
[2025-10-06 01:36:35] [INFO] Aplicación iniciada []
[2025-10-06 01:36:35] [ERROR] Router handler exception: Too few arguments to function Enoc\Login\Controllers\AuditDashboardController::userActions(), 0 passed in /home/enoc/Login/app/Core/Router.php on line 228 and exactly 1 expected []
[2025-10-06 01:36:38] [INFO] Aplicación iniciada []
[2025-10-06 01:36:39] [INFO] Aplicación iniciada []
[2025-10-06 01:36:39] [ERROR] Router handler exception: Too few arguments to function Enoc\Login\Controllers\AuditDashboardController::userActions(), 0 passed in /home/enoc/Login/app/Core/Router.php on line 228 and exactly 1 expected []
[2025-10-06 01:36:40] [INFO] Aplicación iniciada []
[2025-10-06 01:38:09] [INFO] Aplicación iniciada []
[2025-10-06 01:38:10] [INFO] Aplicación iniciada []
[2025-10-06 01:40:54] [INFO] Aplicación iniciada []
[2025-10-06 01:40:57] [INFO] Aplicación iniciada []
[2025-10-06 01:43:27] [INFO] Aplicación iniciada []
[2025-10-06 01:43:28] [INFO] Aplicación iniciada []
[2025-10-06 01:43:30] [INFO] Aplicación iniciada []
[2025-10-06 01:43:31] [INFO] Aplicación iniciada []
[2025-10-06 01:43:32] [INFO] Aplicación iniciada []
[2025-10-06 01:43:33] [INFO] Aplicación iniciada []
[2025-10-06 01:43:34] [INFO] Aplicación iniciada []
[2025-10-06 01:43:43] [INFO] Aplicación iniciada []
[2025-10-06 01:44:52] [INFO] Aplicación iniciada []
[2025-10-06 01:44:55] [INFO] Aplicación iniciada []
[2025-10-06 01:44:58] [INFO] Aplicación iniciada []
[2025-10-06 01:45:23] [INFO] Aplicación iniciada []
[2025-10-06 01:45:24] [INFO] Aplicación iniciada []
[2025-10-06 01:45:27] [INFO] Aplicación iniciada []
[2025-10-06 01:45:28] [INFO] Aplicación iniciada []
[2025-10-06 01:45:29] [INFO] Aplicación iniciada []
[2025-10-06 01:45:36] [INFO] Aplicación iniciada []
[2025-10-06 01:45:37] [INFO] Aplicación iniciada []
[2025-10-06 01:47:42] [INFO] Aplicación iniciada []
[2025-10-06 01:47:49] [INFO] Aplicación iniciada []
[2025-10-06 01:47:51] [INFO] Aplicación iniciada []
[2025-10-06 01:47:52] [INFO] Aplicación iniciada []
[2025-10-06 01:58:15] [INFO] Aplicación iniciada []
[2025-10-06 01:58:15] [ERROR] Unhandled exception: Call to undefined method Enoc\Login\Core\Router::mddleware() #0 {main} []
[2025-10-06 02:00:12] [INFO] Aplicación iniciada []
[2025-10-06 02:00:12] [ERROR] Unhandled exception: Call to undefined method Enoc\Login\Core\Router::mddleware() #0 {main} []
[2025-10-06 02:01:21] [INFO] Aplicación iniciada []
[2025-10-06 02:01:22] [INFO] Aplicación iniciada []
[2025-10-06 02:01:38] [INFO] Aplicación iniciada []
[2025-10-06 02:01:39] [INFO] Aplicación iniciada []
[2025-10-06 02:01:40] [INFO] Aplicación iniciada []
[2025-10-06 02:01:41] [INFO] Aplicación iniciada []
[2025-10-06 02:02:27] [INFO] Aplicación iniciada []
[2025-10-06 02:03:19] [INFO] Aplicación iniciada []
[2025-10-06 02:07:25] [INFO] Aplicación iniciada []
[2025-10-06 02:07:30] [INFO] Aplicación iniciada []
[2025-10-06 02:07:31] [INFO] Aplicación iniciada []
[2025-10-06 02:07:44] [INFO] Aplicación iniciada []
[2025-10-06 02:07:46] [INFO] Aplicación iniciada []
[2025-10-06 02:07:56] [INFO] Aplicación iniciada []
[2025-10-06 02:07:56] [INFO] Aplicación iniciada []
[2025-10-06 02:07:57] [INFO] Aplicación iniciada []
[2025-10-06 02:07:58] [INFO] Aplicación iniciada []
[2025-10-06 02:08:58] [INFO] Aplicación iniciada []
[2025-10-06 02:11:43] [INFO] Aplicación iniciada []
[2025-10-06 02:11:45] [INFO] Aplicación iniciada []
[2025-10-06 02:11:45] [INFO] Aplicación iniciada []
[2025-10-06 02:11:48] [INFO] Aplicación iniciada []
[2025-10-06 02:13:05] [INFO] Aplicación iniciada []
[2025-10-06 02:13:05] [INFO] Aplicación iniciada []
[2025-10-06 02:13:07] [INFO] Aplicación iniciada []
[2025-10-06 02:13:10] [INFO] Aplicación iniciada []
[2025-10-06 02:13:16] [INFO] Aplicación iniciada []
[2025-10-06 02:18:25] [INFO] Aplicación iniciada []
[2025-10-06 02:18:25] [ERROR] Router handler exception: Failed opening required '/home/enoc/Login/app/Controllers/../views/admin/audit/index.php' (include_path='.:/usr/share/php') []
[2025-10-06 02:19:23] [INFO] Aplicación iniciada []
[2025-10-06 02:19:24] [INFO] Aplicación iniciada []
[2025-10-06 02:19:40] [INFO] Aplicación iniciada []
[2025-10-06 02:19:40] [INFO] Aplicación iniciada []
[2025-10-06 02:19:41] [INFO] Aplicación iniciada []
[2025-10-06 02:19:42] [INFO] Aplicación iniciada []
[2025-10-06 02:19:42] [ERROR] Router handler exception: Failed opening required '/home/enoc/Login/app/Controllers/../views/admin/audit/index.php' (include_path='.:/usr/share/php') []
[2025-10-06 02:21:27] [INFO] Aplicación iniciada []
[2025-10-06 02:21:27] [ERROR] Router handler exception: Failed opening required '/home/enoc/Login/app/Controllers/../views/admin/audit/index.php' (include_path='.:/usr/share/php') []
[2025-10-06 02:21:29] [INFO] Aplicación iniciada []
[2025-10-06 02:21:29] [INFO] Aplicación iniciada []
[2025-10-06 02:21:29] [ERROR] Router handler exception: Failed opening required '/home/enoc/Login/app/Controllers/../views/admin/audit/index.php' (include_path='.:/usr/share/php') []
[2025-10-06 02:26:18] [INFO] Aplicación iniciada []
[2025-10-06 02:26:18] [ERROR] Router handler exception: Failed opening required '/home/enoc/Login/app/Controllers/../views/admin.audit.index.php' (include_path='.:/usr/share/php') []
[2025-10-06 02:28:10] [INFO] Aplicación iniciada []
[2025-10-06 02:28:10] [ERROR] Router handler exception: Failed opening required '/home/enoc/Login/app/Controllers/../views/admin.audit.index.php' (include_path='.:/usr/share/php') []
[2025-10-06 02:28:11] [INFO] Aplicación iniciada []
[2025-10-06 02:28:13] [INFO] Aplicación iniciada []
[2025-10-06 02:28:13] [ERROR] Router handler exception: Failed opening required '/home/enoc/Login/app/Controllers/../views/admin.audit.index.php' (include_path='.:/usr/share/php') []
[2025-10-06 02:32:35] [INFO] Aplicación iniciada []
[2025-10-06 02:32:35] [ERROR] Router handler exception: Call to undefined method Enoc\Login\Controllers\AuditDashboardController::view() []
[2025-10-06 02:32:51] [INFO] Aplicación iniciada []
[2025-10-06 02:32:52] [INFO] Aplicación iniciada []
[2025-10-06 02:33:03] [INFO] Aplicación iniciada []
[2025-10-06 02:33:03] [INFO] Aplicación iniciada []
[2025-10-06 02:33:04] [INFO] Aplicación iniciada []
[2025-10-06 02:33:05] [INFO] Aplicación iniciada []
[2025-10-06 02:33:05] [ERROR] Router handler exception: Call to undefined method Enoc\Login\Controllers\AuditDashboardController::view() []
[2025-10-06 02:34:37] [INFO] Aplicación iniciada []
[2025-10-06 02:34:37] [ERROR] Router handler exception: Class "Enoc\Login\Core\BaseController" not found []
[2025-10-06 02:36:53] [INFO] Aplicación iniciada []
[2025-10-06 02:38:00] [INFO] Aplicación iniciada []
[2025-10-06 02:41:22] [INFO] Aplicación iniciada []
[2025-10-06 02:41:22] [ERROR] Router handler exception: Cannot call constructor []
[2025-10-06 02:42:39] [INFO] Aplicación iniciada []
[2025-10-06 02:42:40] [INFO] Aplicación iniciada []
[2025-10-06 02:42:57] [INFO] Aplicación iniciada []
[2025-10-06 02:42:58] [INFO] Aplicación iniciada []
[2025-10-06 02:42:59] [INFO] Aplicación iniciada []
[2025-10-06 02:43:00] [INFO] Aplicación iniciada []
[2025-10-06 02:43:00] [ERROR] Router handler exception: Cannot call constructor []
[2025-10-06 02:47:38] [INFO] Aplicación iniciada []
[2025-10-06 02:47:38] [ERROR] Router handler exception: Call to undefined method Enoc\Login\Controllers\AuditDashboardController::render() []
[2025-10-06 02:49:01] [INFO] Aplicación iniciada []
[2025-10-06 02:49:01] [ERROR] Router handler exception: Failed opening required '/home/enoc/Login/app/Controllers/../views/admin/audit/index.php' (include_path='.:/usr/share/php') []
[2025-10-06 02:52:07] [INFO] Aplicación iniciada []
[2025-10-06 02:52:07] [ERROR] Router handler exception: Failed opening required '/home/enoc/Login/app/Controllers/../views/admin/audit/index.php' (include_path='.:/usr/share/php') []
[2025-10-06 02:53:26] [INFO] Aplicación iniciada []
[2025-10-06 02:53:26] [ERROR] Router handler exception: Failed opening required '/home/enoc/Login/app/Controllers/../views/admin/audit/index.php' (include_path='.:/usr/share/php') []
[2025-10-06 02:54:46] [INFO] Aplicación iniciada []
[2025-10-06 02:54:46] [ERROR] Router handler exception: Vista no encontrada en: /home/enoc/Login/app/Controllers/../views/admin/audit/index.php []
[2025-10-06 02:57:47] [INFO] Aplicación iniciada []
[2025-10-06 02:57:48] [INFO] Aplicación iniciada []
[2025-10-06 02:58:15] [INFO] Aplicación iniciada []
[2025-10-06 02:58:15] [INFO] Aplicación iniciada []
[2025-10-06 02:58:16] [INFO] Aplicación iniciada []
[2025-10-06 02:58:17] [INFO] Aplicación iniciada []
[2025-10-06 02:58:25] [INFO] Aplicación iniciada []
[2025-10-06 02:58:25] [ERROR] Router handler exception: Vista no encontrada en: /home/enoc/Login/views/admin/audit/user-actions.php []
[2025-10-06 02:58:26] [INFO] Aplicación iniciada []
[2025-10-06 03:01:03] [INFO] Aplicación iniciada []
[2025-10-06 03:01:05] [INFO] Aplicación iniciada []
[2025-10-06 03:03:51] [INFO] Aplicación iniciada []
[2025-10-06 03:03:51] [ERROR] Router handler exception: Vista no encontrada en: /home/enoc/Login/views/admin/audit/user-actions.php []
[2025-10-06 03:03:51] [INFO] Aplicación iniciada []
[2025-10-06 03:04:00] [INFO] Aplicación iniciada []
[2025-10-06 03:13:36] [INFO] Aplicación iniciada []
[2025-10-06 03:13:41] [INFO] Aplicación iniciada []
[2025-10-06 03:13:42] [INFO] Aplicación iniciada []
[2025-10-06 03:14:21] [INFO] Aplicación iniciada []
[2025-10-06 03:14:26] [INFO] Aplicación iniciada []
[2025-10-06 03:14:30] [INFO] Aplicación iniciada []
[2025-10-06 03:14:31] [INFO] Aplicación iniciada []
[2025-10-06 03:14:31] [INFO] Intentando eliminar usuario {"target_user_id":41,"actor_user_id":39,"actor_username":"CarlosAdmin","actor_email":"admin@admin.com","ip_address":"::1","user_agent":"Mozilla/5.0 (X11; Linux x86_64; rv:140.0) Gecko/20100101 Firefox/140.0","timestamp":"2025-10-06T03:14:31+00:00"}
[2025-10-06 03:14:31] [WARNING] ⚠️ Usuario eliminado (soft delete) {"action":"USER_DELETED","target_user_id":41,"target_email":"congo@gmail.com","actor_user_id":39,"actor_username":"CarlosAdmin","actor_email":"admin@admin.com","ip_address":"::1","user_agent":"Mozilla/5.0 (X11; Linux x86_64; rv:140.0) Gecko/20100101 Firefox/140.0","timestamp":"2025-10-06T03:14:31+00:00"}
[2025-10-06 03:14:31] [INFO] Aplicación iniciada []
[2025-10-06 03:14:32] [INFO] Aplicación iniciada []
[2025-10-06 03:14:40] [INFO] Aplicación iniciada []
[2025-10-06 03:14:46] [INFO] Aplicación iniciada []
[2025-10-06 03:14:47] [INFO] Aplicación iniciada []
[2025-10-06 03:14:47] [INFO] Intentando eliminar usuario {"target_user_id":23,"actor_user_id":39,"actor_username":"CarlosAdmin","actor_email":"admin@admin.com","ip_address":"::1","user_agent":"Mozilla/5.0 (X11; Linux x86_64; rv:140.0) Gecko/20100101 Firefox/140.0","timestamp":"2025-10-06T03:14:47+00:00"}
[2025-10-06 03:14:47] [WARNING] ⚠️ Usuario eliminado (soft delete) {"action":"USER_DELETED","target_user_id":23,"target_email":"usu2@gmail.com","actor_user_id":39,"actor_username":"CarlosAdmin","actor_email":"admin@admin.com","ip_address":"::1","user_agent":"Mozilla/5.0 (X11; Linux x86_64; rv:140.0) Gecko/20100101 Firefox/140.0","timestamp":"2025-10-06T03:14:47+00:00"}
[2025-10-06 03:14:47] [INFO] Aplicación iniciada []
[2025-10-06 03:14:49] [INFO] Aplicación iniciada []
[2025-10-06 03:14:57] [INFO] Aplicación iniciada []
[2025-10-06 03:14:59] [INFO] Aplicación iniciada []
[2025-10-06 03:15:04] [INFO] Aplicación iniciada []
[2025-10-06 03:15:04] [INFO] Intentando actualizar usuario {"target_user_id":40,"target_email":"cli@gmail.com","has_password_change":false,"actor_user_id":39,"actor_username":"CarlosAdmin","actor_email":"admin@admin.com","ip_address":"::1","user_agent":"Mozilla/5.0 (X11; Linux x86_64; rv:140.0) Gecko/20100101 Firefox/140.0","timestamp":"2025-10-06T03:15:04+00:00"}
[2025-10-06 03:15:04] [INFO] ✅ Usuario actualizado {"action":"USER_UPDATED","target_user_id":40,"target_email":"cli@gmail.com","target_name":"cli cl","target_role":"user","password_changed":false,"old_email":"cli@gmail.com","old_name":"cli cli","old_role":"user","actor_user_id":39,"actor_username":"CarlosAdmin","actor_email":"admin@admin.com","ip_address":"::1","user_agent":"Mozilla/5.0 (X11; Linux x86_64; rv:140.0) Gecko/20100101 Firefox/140.0","timestamp":"2025-10-06T03:15:04+00:00"}
[2025-10-06 03:15:04] [INFO] Aplicación iniciada []
[2025-10-06 03:15:05] [INFO] Aplicación iniciada []
[2025-10-06 03:22:41] [INFO] Aplicación iniciada []
[2025-10-06 03:22:48] [INFO] Aplicación iniciada []
[2025-10-06 03:22:54] [INFO] Aplicación iniciada []
[2025-10-06 03:22:55] [INFO] Aplicación iniciada []
[2025-10-06 03:22:55] [INFO] Intentando eliminar usuario {"target_user_id":24,"actor_user_id":39,"actor_username":"CarlosAdmin","actor_email":"admin@admin.com","ip_address":"::1","user_agent":"Mozilla/5.0 (X11; Linux x86_64; rv:140.0) Gecko/20100101 Firefox/140.0","timestamp":"2025-10-06T03:22:55+00:00"}
[2025-10-06 03:22:55] [WARNING] ⚠️ Usuario eliminado (soft delete) {"action":"USER_DELETED","target_user_id":24,"target_email":"usu3@gmail.com","actor_user_id":39,"actor_username":"CarlosAdmin","actor_email":"admin@admin.com","ip_address":"::1","user_agent":"Mozilla/5.0 (X11; Linux x86_64; rv:140.0) Gecko/20100101 Firefox/140.0","timestamp":"2025-10-06T03:22:55+00:00"}
[2025-10-06 03:22:55] [INFO] Aplicación iniciada []
[2025-10-06 03:22:56] [INFO] Aplicación iniciada []
[2025-10-06 03:23:19] [INFO] Aplicación iniciada []
[2025-10-06 03:23:19] [ERROR] Router handler exception: Vista no encontrada. []
[2025-10-06 03:26:14] [INFO] Aplicación iniciada []
[2025-10-06 03:26:15] [INFO] Aplicación iniciada []
[2025-10-06 03:26:27] [INFO] Aplicación iniciada []
[2025-10-06 03:26:27] [INFO] Aplicación iniciada []
[2025-10-06 03:26:28] [INFO] Aplicación iniciada []
[2025-10-06 03:26:29] [INFO] Aplicación iniciada []
[2025-10-06 03:26:31] [INFO] Aplicación iniciada []
[2025-10-06 03:26:39] [INFO] Aplicación iniciada []
[2025-10-06 03:26:40] [INFO] Aplicación iniciada []
[2025-10-06 03:26:41] [INFO] Aplicación iniciada []
[2025-10-06 03:26:44] [INFO] Aplicación iniciada []
[2025-10-06 03:27:02] [INFO] Aplicación iniciada []
[2025-10-06 03:27:04] [INFO] Aplicación iniciada []
[2025-10-06 03:32:08] [INFO] Aplicación iniciada []
[2025-10-06 03:32:09] [INFO] Aplicación iniciada []
[2025-10-06 03:32:12] [INFO] Aplicación iniciada []
[2025-10-06 03:32:16] [INFO] Aplicación iniciada []
[2025-10-06 03:32:17] [INFO] Aplicación iniciada []
[2025-10-06 03:32:19] [INFO] Aplicación iniciada []
[2025-10-06 03:32:30] [INFO] Aplicación iniciada []
[2025-10-06 03:33:03] [INFO] Aplicación iniciada []
[2025-10-06 03:33:04] [INFO] Aplicación iniciada []
[2025-10-06 03:33:06] [INFO] Aplicación iniciada []
[2025-10-06 03:33:10] [INFO] Aplicación iniciada []
[2025-10-06 03:38:23] [INFO] Aplicación iniciada []
[2025-10-06 03:38:26] [INFO] Aplicación iniciada []
[2025-10-06 03:38:30] [INFO] Aplicación iniciada []
[2025-10-06 03:38:42] [INFO] Aplicación iniciada []
[2025-10-06 03:38:48] [INFO] Aplicación iniciada []
[2025-10-06 03:38:51] [INFO] Aplicación iniciada []
[2025-10-06 03:38:52] [INFO] Aplicación iniciada []
[2025-10-06 03:38:56] [INFO] Aplicación iniciada []
[2025-10-06 03:38:58] [INFO] Aplicación iniciada []
[2025-10-06 03:39:25] [INFO] Aplicación iniciada []
[2025-10-06 03:39:28] [INFO] Aplicación iniciada []
[2025-10-06 03:40:00] [INFO] Aplicación iniciada []
[2025-10-06 03:40:22] [INFO] Aplicación iniciada []
[2025-10-06 03:40:23] [INFO] Aplicación iniciada []
[2025-10-06 03:40:25] [INFO] Aplicación iniciada []
[2025-10-06 03:40:28] [INFO] Aplicación iniciada []
[2025-10-06 03:40:36] [INFO] Aplicación iniciada []
[2025-10-06 03:40:45] [INFO] Aplicación iniciada []
[2025-10-06 03:40:49] [INFO] Aplicación iniciada []
[2025-10-06 03:40:54] [INFO] Aplicación iniciada []
[2025-10-06 03:40:59] [INFO] Aplicación iniciada []
[2025-10-06 03:41:03] [INFO] Aplicación iniciada []
[2025-10-06 03:41:07] [INFO] Aplicación iniciada []
[2025-10-06 03:41:12] [INFO] Aplicación iniciada []
[2025-10-06 03:42:08] [INFO] Aplicación iniciada []
[2025-10-06 03:42:11] [INFO] Aplicación iniciada []
[2025-10-06 03:42:13] [INFO] Aplicación iniciada []
[2025-10-06 03:42:17] [INFO] Aplicación iniciada []
[2025-10-06 03:42:20] [INFO] Aplicación iniciada []
[2025-10-06 03:43:46] [INFO] Aplicación iniciada []
[2025-10-06 03:43:48] [INFO] Aplicación iniciada []
[2025-10-06 03:43:48] [INFO] Aplicación iniciada []
[2025-10-06 03:43:52] [INFO] Aplicación iniciada []
[2025-10-06 03:43:52] [INFO] Aplicación iniciada []
[2025-10-06 03:43:54] [INFO] Aplicación iniciada []
[2025-10-06 03:43:54] [INFO] Aplicación iniciada []
[2025-10-06 03:43:56] [INFO] Aplicación iniciada []
[2025-10-06 03:43:56] [INFO] Aplicación iniciada []
[2025-10-06 03:43:58] [INFO] Aplicación iniciada []
[2025-10-06 03:44:00] [INFO] Aplicación iniciada []
[2025-10-06 03:45:47] [INFO] Aplicación iniciada []
[2025-10-06 03:46:54] [INFO] Aplicación iniciada []
[2025-10-06 03:46:55] [INFO] Aplicación iniciada []
[2025-10-06 03:47:01] [INFO] Aplicación iniciada []
[2025-10-06 03:47:17] [INFO] Aplicación iniciada []
[2025-10-06 03:47:21] [INFO] Aplicación iniciada []
[2025-10-06 03:47:28] [INFO] Aplicación iniciada []
[2025-10-06 03:47:38] [INFO] Aplicación iniciada []
[2025-10-06 03:48:24] [INFO] Aplicación iniciada []
[2025-10-06 03:48:37] [INFO] Aplicación iniciada []
[2025-10-06 03:48:46] [INFO] Aplicación iniciada []
[2025-10-06 03:48:51] [INFO] Aplicación iniciada []
[2025-10-06 03:48:51] [INFO] Aplicación iniciada []
[2025-10-06 03:48:53] [INFO] Aplicación iniciada []
[2025-10-06 03:48:53] [INFO] Aplicación iniciada []
[2025-10-06 03:48:54] [INFO] Aplicación iniciada []
[2025-10-06 03:48:54] [INFO] Aplicación iniciada []
[2025-10-06 03:49:21] [INFO] Aplicación iniciada []
[2025-10-06 03:49:21] [INFO] Aplicación iniciada []
[2025-10-06 03:49:24] [INFO] Aplicación iniciada []
[2025-10-06 03:49:24] [INFO] Aplicación iniciada []
[2025-10-06 03:49:25] [INFO] Aplicación iniciada []
[2025-10-06 03:49:27] [INFO] Aplicación iniciada []
[2025-10-06 03:49:28] [INFO] Aplicación iniciada []
[2025-10-06 03:49:36] [INFO] Aplicación iniciada []
[2025-10-06 03:49:43] [INFO] Aplicación iniciada []
[2025-10-06 03:49:54] [INFO] Aplicación iniciada []
[2025-10-06 03:51:03] [INFO] Aplicación iniciada []
[2025-10-06 03:51:04] [INFO] Aplicación iniciada []
[2025-10-06 03:51:05] [INFO] Aplicación iniciada []
[2025-10-06 03:51:05] [INFO] Aplicación iniciada []
[2025-10-06 03:51:06] [INFO] Aplicación iniciada []
[2025-10-06 03:51:06] [INFO] Aplicación iniciada []
[2025-10-06 03:51:18] [INFO] Aplicación iniciada []
[2025-10-06 03:51:20] [INFO] Aplicación iniciada []
[2025-10-06 03:51:24] [INFO] Aplicación iniciada []
[2025-10-06 03:51:28] [INFO] Aplicación iniciada []
[2025-10-06 03:51:30] [INFO] Aplicación iniciada []
[2025-10-06 03:51:59] [INFO] Aplicación iniciada []
[2025-10-06 03:52:19] [INFO] Aplicación iniciada []
[2025-10-06 03:52:20] [INFO] Aplicación iniciada []
[2025-10-06 03:52:27] [INFO] Aplicación iniciada []
[2025-10-06 03:52:28] [INFO] Aplicación iniciada []
[2025-10-06 03:52:30] [INFO] Aplicación iniciada []
[2025-10-06 03:52:33] [INFO] Aplicación iniciada []
[2025-10-06 03:53:06] [INFO] Aplicación iniciada []
[2025-10-06 03:53:14] [INFO] Aplicación iniciada []
[2025-10-06 03:53:16] [INFO] Aplicación iniciada []
[2025-10-06 03:53:18] [INFO] Aplicación iniciada []
[2025-10-06 03:53:22] [INFO] Aplicación iniciada []
[2025-10-06 03:53:31] [INFO] Aplicación iniciada []
[2025-10-06 03:53:34] [INFO] Aplicación iniciada []
[2025-10-06 03:53:34] [INFO] Intentando actualizar usuario {"target_user_id":21,"target_email":"guty@user.com","has_password_change":false,"actor_user_id":39,"actor_username":"CarlosAdmin","actor_email":"admin@admin.com","ip_address":"::1","user_agent":"Mozilla/5.0 (X11; Linux x86_64; rv:140.0) Gecko/20100101 Firefox/140.0","timestamp":"2025-10-06T03:53:34+00:00"}
[2025-10-06 03:53:34] [INFO] ✅ Usuario actualizado {"action":"USER_UPDATED","target_user_id":21,"target_email":"guty@user.com","target_name":"Maicol","target_role":"user","password_changed":false,"old_email":"guty@user.com","old_name":"Maicol Guty","old_role":"user","actor_user_id":39,"actor_username":"CarlosAdmin","actor_email":"admin@admin.com","ip_address":"::1","user_agent":"Mozilla/5.0 (X11; Linux x86_64; rv:140.0) Gecko/20100101 Firefox/140.0","timestamp":"2025-10-06T03:53:34+00:00"}
[2025-10-06 03:53:34] [INFO] Aplicación iniciada []
[2025-10-06 03:53:36] [INFO] Aplicación iniciada []
[2025-10-06 03:53:40] [INFO] Aplicación iniciada []
[2025-10-06 03:53:47] [INFO] Aplicación iniciada []
[2025-10-06 03:53:53] [INFO] Aplicación iniciada []
[2025-10-06 03:53:55] [INFO] Aplicación iniciada []
[2025-10-06 03:53:56] [INFO] Aplicación iniciada []
[2025-10-06 04:05:43] [INFO] Aplicación iniciada []
[2025-10-06 04:05:58] [INFO] Aplicación iniciada []
[2025-10-06 04:06:06] [INFO] Aplicación iniciada []
[2025-10-06 04:24:42] [INFO] Aplicación iniciada []
[2025-10-06 04:24:45] [INFO] Aplicación iniciada []
[2025-10-06 04:24:46] [INFO] Aplicación iniciada []
[2025-10-06 04:24:51] [INFO] Aplicación iniciada []
[2025-10-06 04:24:52] [INFO] Aplicación iniciada []
