[2025-10-08 01:48:28] [INFO] Aplicación iniciada []
[2025-10-08 01:48:30] [INFO] Aplicación iniciada []
[2025-10-08 01:48:45] [INFO] Aplicación iniciada []
[2025-10-08 01:48:45] [INFO] Aplicación iniciada []
[2025-10-08 01:48:47] [INFO] Aplicación iniciada []
[2025-10-08 01:48:49] [INFO] Aplicación iniciada []
[2025-10-08 01:49:12] [INFO] Aplicación iniciada []
[2025-10-08 01:49:12] [INFO] Intentando crear usuario {"target_email":"vega@gmail.com","target_role":"admin","actor_user_id":39,"actor_username":"CarlosAdmin","actor_email":"admin@admin.com","ip_address":"::1","user_agent":"Mozilla/5.0 (X11; Linux x86_64; rv:140.0) Gecko/20100101 Firefox/140.0","timestamp":"2025-10-08T01:49:12+00:00"}
[2025-10-08 01:49:12] [WARNING] ❌ Usuario sin permisos intentó crear usuario {"actor_role":"guest","target_email":"vega@gmail.com","actor_user_id":39,"actor_username":"CarlosAdmin","actor_email":"admin@admin.com","ip_address":"::1","user_agent":"Mozilla/5.0 (X11; Linux x86_64; rv:140.0) Gecko/20100101 Firefox/140.0","timestamp":"2025-10-08T01:49:12+00:00"}
[2025-10-08 01:49:12] [INFO] Aplicación iniciada []
[2025-10-08 01:50:06] [INFO] Aplicación iniciada []
[2025-10-08 01:50:08] [INFO] Aplicación iniciada []
[2025-10-08 01:50:08] [INFO] Aplicación iniciada []
[2025-10-08 01:50:11] [INFO] Aplicación iniciada []
[2025-10-08 01:50:16] [INFO] Aplicación iniciada []
[2025-10-08 01:52:54] [INFO] Aplicación iniciada []
[2025-10-08 01:52:55] [INFO] Aplicación iniciada []
[2025-10-08 01:53:00] [INFO] Aplicación iniciada []
[2025-10-08 01:53:28] [INFO] Aplicación iniciada []
[2025-10-08 01:53:28] [INFO] Aplicación iniciada []
[2025-10-08 01:53:40] [INFO] Aplicación iniciada []
[2025-10-08 01:53:40] [INFO] Aplicación iniciada []
[2025-10-08 01:53:53] [INFO] Aplicación iniciada []
[2025-10-08 01:53:54] [INFO] Aplicación iniciada []
[2025-10-08 01:53:56] [INFO] Aplicación iniciada []
[2025-10-08 01:54:01] [INFO] Aplicación iniciada []
[2025-10-08 01:54:05] [INFO] Aplicación iniciada []
[2025-10-08 01:54:05] [INFO] Intentando actualizar usuario {"target_user_id":43,"actor_user_id":1,"actor_username":"Carlos","actor_email":"admin@prueba.com","ip_address":"::1","user_agent":"Mozilla/5.0 (X11; Linux x86_64; rv:140.0) Gecko/20100101 Firefox/140.0","timestamp":"2025-10-08T01:54:05+00:00"}
[2025-10-08 01:54:05] [WARNING] ❌ Usuario sin permisos intentó editar usuario {"target_user_id":43,"actor_user_id":1,"actor_username":"Carlos","actor_email":"admin@prueba.com","ip_address":"::1","user_agent":"Mozilla/5.0 (X11; Linux x86_64; rv:140.0) Gecko/20100101 Firefox/140.0","timestamp":"2025-10-08T01:54:05+00:00"}
[2025-10-08 01:54:05] [INFO] Aplicación iniciada []
[2025-10-08 02:00:11] [INFO] Aplicación iniciada []
[2025-10-08 02:00:12] [INFO] Aplicación iniciada []
[2025-10-08 02:00:37] [INFO] Aplicación iniciada []
[2025-10-08 02:00:37] [INFO] Aplicación iniciada []
[2025-10-08 02:00:38] [INFO] Aplicación iniciada []
[2025-10-08 02:00:39] [INFO] Aplicación iniciada []
[2025-10-08 02:01:10] [INFO] Aplicación iniciada []
[2025-10-08 02:01:10] [INFO] Intentando crear usuario {"target_email":"busti@gmail.com","target_role":"liquidador","actor_user_id":39,"actor_username":"CarlosAdmin","actor_email":"admin@admin.com","ip_address":"::1","user_agent":"Mozilla/5.0 (X11; Linux x86_64; rv:140.0) Gecko/20100101 Firefox/140.0","timestamp":"2025-10-08T02:01:10+00:00"}
[2025-10-08 02:01:11] [INFO] Aplicación iniciada []
[2025-10-08 02:02:03] [INFO] Aplicación iniciada []
[2025-10-08 02:02:04] [INFO] Aplicación iniciada []
[2025-10-08 02:03:50] [INFO] Aplicación iniciada []
[2025-10-08 02:03:52] [INFO] Aplicación iniciada []
[2025-10-08 02:03:55] [INFO] Aplicación iniciada []
[2025-10-08 02:03:55] [INFO] Intentando actualizar usuario {"target_user_id":43,"actor_user_id":39,"actor_username":"CarlosAdmin","actor_email":"admin@admin.com","ip_address":"::1","user_agent":"Mozilla/5.0 (X11; Linux x86_64; rv:140.0) Gecko/20100101 Firefox/140.0","timestamp":"2025-10-08T02:03:55+00:00"}
[2025-10-08 02:03:55] [INFO] Aplicación iniciada []
[2025-10-08 02:04:31] [INFO] Aplicación iniciada []
[2025-10-08 02:04:31] [INFO] Intentando actualizar usuario {"target_user_id":43,"actor_user_id":39,"actor_username":"CarlosAdmin","actor_email":"admin@admin.com","ip_address":"::1","user_agent":"Mozilla/5.0 (X11; Linux x86_64; rv:140.0) Gecko/20100101 Firefox/140.0","timestamp":"2025-10-08T02:04:31+00:00"}
[2025-10-08 02:04:31] [INFO] Aplicación iniciada []
[2025-10-08 02:04:32] [INFO] Aplicación iniciada []
[2025-10-08 02:04:32] [INFO] Intentando actualizar usuario {"target_user_id":43,"actor_user_id":39,"actor_username":"CarlosAdmin","actor_email":"admin@admin.com","ip_address":"::1","user_agent":"Mozilla/5.0 (X11; Linux x86_64; rv:140.0) Gecko/20100101 Firefox/140.0","timestamp":"2025-10-08T02:04:32+00:00"}
[2025-10-08 02:04:32] [INFO] Aplicación iniciada []
[2025-10-08 02:04:32] [INFO] Aplicación iniciada []
[2025-10-08 02:04:32] [INFO] Intentando actualizar usuario {"target_user_id":43,"actor_user_id":39,"actor_username":"CarlosAdmin","actor_email":"admin@admin.com","ip_address":"::1","user_agent":"Mozilla/5.0 (X11; Linux x86_64; rv:140.0) Gecko/20100101 Firefox/140.0","timestamp":"2025-10-08T02:04:32+00:00"}
[2025-10-08 02:04:32] [INFO] Aplicación iniciada []clea[2025-10-08 02:04:33] [INFO] Aplicación iniciada []
[2025-10-08 02:04:33] [INFO] Intentando actualizar usuario {"target_user_id":43,"actor_user_id":39,"actor_username":"CarlosAdmin","actor_email":"admin@admin.com","ip_address":"::1","user_agent":"Mozilla/5.0 (X11; Linux x86_64; rv:140.0) Gecko/20100101 Firefox/140.0","timestamp":"2025-10-08T02:04:33+00:00"}
[2025-10-08 02:04:33] [INFO] Aplicación iniciada []
[2025-10-08 02:04:33] [INFO] Aplicación iniciada []
[2025-10-08 02:04:33] [INFO] Intentando actualizar usuario {"target_user_id":43,"actor_user_id":39,"actor_username":"CarlosAdmin","actor_email":"admin@admin.com","ip_address":"::1","user_agent":"Mozilla/5.0 (X11; Linux x86_64; rv:140.0) Gecko/20100101 Firefox/140.0","timestamp":"2025-10-08T02:04:33+00:00"}
[2025-10-08 02:04:33] [INFO] Aplicación iniciada []
[2025-10-08 02:04:33] [INFO] Aplicación iniciada []
[2025-10-08 02:04:33] [INFO] Intentando actualizar usuario {"target_user_id":43,"actor_user_id":39,"actor_username":"CarlosAdmin","actor_email":"admin@admin.com","ip_address":"::1","user_agent":"Mozilla/5.0 (X11; Linux x86_64; rv:140.0) Gecko/20100101 Firefox/140.0","timestamp":"2025-10-08T02:04:33+00:00"}
[2025-10-08 02:04:33] [INFO] Aplicación iniciada []
[2025-10-08 02:04:34] [INFO] Aplicación iniciada []
[2025-10-08 02:04:34] [INFO] Intentando actualizar usuario {"target_user_id":43,"actor_user_id":39,"actor_username":"CarlosAdmin","actor_email":"admin@admin.com","ip_address":"::1","user_agent":"Mozilla/5.0 (X11; Linux x86_64; rv:140.0) Gecko/20100101 Firefox/140.0","timestamp":"2025-10-08T02:04:34+00:00"}
[2025-10-08 02:04:34] [INFO] Aplicación iniciada []
[2025-10-08 02:04:34] [INFO] Aplicación iniciada []
[2025-10-08 02:04:34] [INFO] Intentando actualizar usuario {"target_user_id":43,"actor_user_id":39,"actor_username":"CarlosAdmin","actor_email":"admin@admin.com","ip_address":"::1","user_agent":"Mozilla/5.0 (X11; Linux x86_64; rv:140.0) Gecko/20100101 Firefox/140.0","timestamp":"2025-10-08T02:04:34+00:00"}
[2025-10-08 02:04:34] [INFO] Aplicación iniciada []
[2025-10-08 02:04:34] [INFO] Aplicación iniciada []
[2025-10-08 02:04:34] [INFO] Intentando actualizar usuario {"target_user_id":43,"actor_user_id":39,"actor_username":"CarlosAdmin","actor_email":"admin@admin.com","ip_address":"::1","user_agent":"Mozilla/5.0 (X11; Linux x86_64; rv:140.0) Gecko/20100101 Firefox/140.0","timestamp":"2025-10-08T02:04:34+00:00"}
[2025-10-08 02:04:34] [INFO] Aplicación iniciada []
[2025-10-08 02:04:44] [INFO] Aplicación iniciada []
[2025-10-08 02:04:46] [INFO] Aplicación iniciada []
[2025-10-08 02:04:55] [INFO] Aplicación iniciada []
[2025-10-08 02:04:59] [INFO] Aplicación iniciada []
[2025-10-08 02:05:09] [INFO] Aplicación iniciada []
[2025-10-08 02:05:13] [INFO] Aplicación iniciada []
[2025-10-08 02:05:15] [INFO] Aplicación iniciada []
[2025-10-08 02:05:17] [INFO] Aplicación iniciada []
[2025-10-08 02:05:27] [INFO] Aplicación iniciada []
[2025-10-08 02:05:27] [INFO] Intentando actualizar usuario {"target_user_id":43,"actor_user_id":39,"actor_username":"CarlosAdmin","actor_email":"admin@admin.com","ip_address":"::1","user_agent":"Mozilla/5.0 (X11; Linux x86_64; rv:140.0) Gecko/20100101 Firefox/140.0","timestamp":"2025-10-08T02:05:27+00:00"}
[2025-10-08 02:05:27] [INFO] Aplicación iniciada []
[2025-10-08 02:05:29] [INFO] Aplicación iniciada []
[2025-10-08 02:05:33] [INFO] Aplicación iniciada []
[2025-10-08 02:05:37] [INFO] Aplicación iniciada []
[2025-10-08 02:05:37] [INFO] Intentando actualizar usuario {"target_user_id":43,"actor_user_id":39,"actor_username":"CarlosAdmin","actor_email":"admin@admin.com","ip_address":"::1","user_agent":"Mozilla/5.0 (X11; Linux x86_64; rv:140.0) Gecko/20100101 Firefox/140.0","timestamp":"2025-10-08T02:05:37+00:00"}
[2025-10-08 02:05:37] [INFO] Aplicación iniciada []
[2025-10-08 02:05:38] [INFO] Aplicación iniciada []
[2025-10-08 02:11:52] [INFO] Aplicación iniciada []
[2025-10-08 02:12:56] [INFO] Aplicación iniciada []
[2025-10-08 02:13:18] [INFO] Aplicación iniciada []
[2025-10-08 02:13:18] [INFO] Aplicación iniciada []
[2025-10-08 02:13:37] [INFO] Aplicación iniciada []
[2025-10-08 02:13:49] [INFO] Aplicación iniciada []
[2025-10-08 02:13:49] [INFO] Aplicación iniciada []
[2025-10-08 02:13:51] [INFO] Aplicación iniciada []
[2025-10-08 02:13:52] [INFO] Aplicación iniciada []
[2025-10-08 02:14:20] [INFO] Aplicación iniciada []
[2025-10-08 02:14:20] [INFO] Intentando crear usuario {"target_email":"poco@gmail.com","target_role":"bodeguero","actor_user_id":39,"actor_username":"CarlosAdmin","actor_email":"admin@admin.com","ip_address":"::1","user_agent":"Mozilla/5.0 (X11; Linux x86_64; rv:140.0) Gecko/20100101 Firefox/140.0","timestamp":"2025-10-08T02:14:20+00:00"}
[2025-10-08 02:14:20] [INFO] Aplicación iniciada []
[2025-10-08 02:31:24] [INFO] Aplicación iniciada []
[2025-10-08 02:31:24] [ERROR] APP_DEBUG=true en producción. Apágalo. []
[2025-10-08 02:32:00] [INFO] Aplicación iniciada []
[2025-10-08 02:32:00] [ERROR] APP_DEBUG=true en producción. Apágalo. []
[2025-10-08 02:32:01] [INFO] Aplicación iniciada []
[2025-10-08 02:32:01] [ERROR] APP_DEBUG=true en producción. Apágalo. []
[2025-10-08 02:32:01] [INFO] Aplicación iniciada []
[2025-10-08 02:32:01] [ERROR] APP_DEBUG=true en producción. Apágalo. []
[2025-10-08 02:42:18] [INFO] Aplicación iniciada []
[2025-10-08 02:42:18] [ERROR] APP_DEBUG=true en producción. Apágalo. []
[2025-10-08 02:42:55] [INFO] Aplicación iniciada []
[2025-10-08 02:42:56] [INFO] Aplicación iniciada []
[2025-10-08 02:43:09] [INFO] Aplicación iniciada []
[2025-10-08 02:43:10] [INFO] Aplicación iniciada []
[2025-10-08 02:43:21] [INFO] Aplicación iniciada []
[2025-10-08 02:43:22] [INFO] Aplicación iniciada []
[2025-10-08 02:43:23] [INFO] Aplicación iniciada []
[2025-10-08 02:43:25] [INFO] Aplicación iniciada []
[2025-10-08 02:43:44] [INFO] Aplicación iniciada []
[2025-10-08 02:43:44] [INFO] Intentando crear usuario {"target_email":"toro@gmail.com","target_role":"bodeguero","actor_user_id":39,"actor_username":"CarlosAdmin","actor_email":"admin@admin.com","ip_address":"::1","user_agent":"Mozilla/5.0 (X11; Linux x86_64; rv:140.0) Gecko/20100101 Firefox/140.0","timestamp":"2025-10-08T02:43:44+00:00"}
[2025-10-08 02:43:44] [INFO] Aplicación iniciada []
[2025-10-08 02:46:35] [INFO] Aplicación iniciada []
[2025-10-08 02:46:37] [INFO] Aplicación iniciada []
[2025-10-08 02:46:42] [INFO] Aplicación iniciada []
[2025-10-08 02:46:42] [INFO] Intentando actualizar usuario {"target_user_id":43,"actor_user_id":39,"actor_username":"CarlosAdmin","actor_email":"admin@admin.com","ip_address":"::1","user_agent":"Mozilla/5.0 (X11; Linux x86_64; rv:140.0) Gecko/20100101 Firefox/140.0","timestamp":"2025-10-08T02:46:42+00:00"}
[2025-10-08 02:46:42] [INFO] Aplicación iniciada []
[2025-10-08 02:51:46] [INFO] Aplicación iniciada []
[2025-10-08 02:51:57] [INFO] Aplicación iniciada []
[2025-10-08 02:51:57] [INFO] Intentando actualizar usuario {"target_user_id":43,"actor_user_id":39,"actor_username":"CarlosAdmin","actor_email":"admin@admin.com","ip_address":"::1","user_agent":"Mozilla/5.0 (X11; Linux x86_64; rv:140.0) Gecko/20100101 Firefox/140.0","timestamp":"2025-10-08T02:51:57+00:00"}
[2025-10-08 02:51:57] [INFO] Aplicación iniciada []
[2025-10-08 02:51:59] [INFO] Aplicación iniciada []
[2025-10-08 02:51:59] [INFO] Aplicación iniciada []
[2025-10-08 02:52:24] [INFO] Aplicación iniciada []
[2025-10-08 02:52:25] [INFO] Aplicación iniciada []
[2025-10-08 02:52:41] [INFO] Aplicación iniciada []
[2025-10-08 02:52:41] [INFO] Aplicación iniciada []
[2025-10-08 02:52:45] [INFO] Aplicación iniciada []
[2025-10-08 02:52:45] [INFO] Aplicación iniciada []
[2025-10-08 02:56:41] [INFO] Aplicación iniciada []
[2025-10-08 02:56:52] [INFO] Aplicación iniciada []
[2025-10-08 02:56:52] [INFO] Aplicación iniciada []
[2025-10-08 02:57:01] [INFO] Aplicación iniciada []
[2025-10-08 02:57:05] [INFO] Aplicación iniciada []
[2025-10-08 02:57:07] [INFO] Aplicación iniciada []
[2025-10-08 02:57:08] [INFO] Aplicación iniciada []
[2025-10-08 02:57:12] [INFO] Aplicación iniciada []
[2025-10-08 02:57:12] [INFO] Intentando actualizar usuario {"target_user_id":40,"actor_user_id":39,"actor_username":"CarlosAdmin","actor_email":"admin@admin.com","ip_address":"::1","user_agent":"Mozilla/5.0 (X11; Linux x86_64; rv:140.0) Gecko/20100101 Firefox/140.0","timestamp":"2025-10-08T02:57:12+00:00"}
[2025-10-08 02:57:12] [INFO] Aplicación iniciada []
[2025-10-08 03:22:24] [INFO] Aplicación iniciada []
[2025-10-08 03:22:24] [ERROR] APP_DEBUG=true en producción. Apágalo. []
[2025-10-08 03:22:48] [INFO] Aplicación iniciada []
[2025-10-08 03:22:49] [INFO] Aplicación iniciada []
[2025-10-08 03:23:01] [INFO] Aplicación iniciada []
[2025-10-08 03:23:01] [INFO] Aplicación iniciada []
[2025-10-08 03:23:03] [INFO] Aplicación iniciada []
[2025-10-08 03:23:05] [INFO] Aplicación iniciada []
[2025-10-08 03:23:32] [INFO] Aplicación iniciada []
[2025-10-08 03:23:32] [INFO] Aplicación iniciada []
[2025-10-08 03:23:43] [INFO] Aplicación iniciada []
[2025-10-08 03:23:43] [INFO] Intentando crear usuario {"target_email":"panzer@gmail.com","target_role":"admin","actor_user_id":39,"actor_username":"CarlosAdmin","actor_email":"admin@admin.com","ip_address":"::1","user_agent":"Mozilla/5.0 (X11; Linux x86_64; rv:140.0) Gecko/20100101 Firefox/140.0","timestamp":"2025-10-08T03:23:43+00:00"}
[2025-10-08 03:23:43] [INFO] Aplicación iniciada []
[2025-10-08 03:23:48] [INFO] Aplicación iniciada []
[2025-10-08 03:30:50] [INFO] Aplicación iniciada []
[2025-10-08 03:30:51] [INFO] Aplicación iniciada []
[2025-10-08 03:31:04] [INFO] Aplicación iniciada []
[2025-10-08 03:31:04] [INFO] Aplicación iniciada []
[2025-10-08 03:31:05] [INFO] Aplicación iniciada []
[2025-10-08 03:31:06] [INFO] Aplicación iniciada []
[2025-10-08 03:31:26] [INFO] Aplicación iniciada []
[2025-10-08 03:31:26] [INFO] Intentando crear usuario {"target_email":"qwrew@gmail.com","target_role":"facturador","actor_user_id":39,"actor_username":"CarlosAdmin","actor_email":"admin@admin.com","ip_address":"::1","user_agent":"Mozilla/5.0 (X11; Linux x86_64; rv:140.0) Gecko/20100101 Firefox/140.0","timestamp":"2025-10-08T03:31:26+00:00"}
[2025-10-08 03:31:27] [INFO] Aplicación iniciada []
[2025-10-08 03:35:08] [INFO] Aplicación iniciada []
[2025-10-08 03:35:09] [INFO] Aplicación iniciada []
[2025-10-08 03:35:12] [INFO] Aplicación iniciada []
[2025-10-08 03:35:29] [INFO] Aplicación iniciada []
[2025-10-08 03:35:29] [INFO] Intentando crear usuario {"target_email":"pupiu@gmail.com","target_role":"liquidador","actor_user_id":39,"actor_username":"CarlosAdmin","actor_email":"admin@admin.com","ip_address":"::1","user_agent":"Mozilla/5.0 (X11; Linux x86_64; rv:140.0) Gecko/20100101 Firefox/140.0","timestamp":"2025-10-08T03:35:29+00:00"}
[2025-10-08 03:35:29] [INFO] ✅ Usuario creado exitosamente {"action":"USER_CREATED","target_user_id":45,"target_email":"pupiu@gmail.com","target_name":"ghfhf","target_role":"liquidador","actor_user_id":39,"actor_username":"CarlosAdmin","actor_email":"admin@admin.com","ip_address":"::1","user_agent":"Mozilla/5.0 (X11; Linux x86_64; rv:140.0) Gecko/20100101 Firefox/140.0","timestamp":"2025-10-08T03:35:29+00:00"}
[2025-10-08 03:35:29] [INFO] Aplicación iniciada []
[2025-10-08 03:35:50] [INFO] Aplicación iniciada []
[2025-10-08 03:35:54] [INFO] Aplicación iniciada []
[2025-10-08 03:35:54] [INFO] Intentando actualizar usuario {"target_user_id":45,"actor_user_id":39,"actor_username":"CarlosAdmin","actor_email":"admin@admin.com","ip_address":"::1","user_agent":"Mozilla/5.0 (X11; Linux x86_64; rv:140.0) Gecko/20100101 Firefox/140.0","timestamp":"2025-10-08T03:35:54+00:00"}
[2025-10-08 03:35:54] [INFO] ✅ Usuario actualizado exitosamente {"action":"USER_UPDATED","target_user_id":45,"new_email":"pupiu@gmail.com","new_name":"sdfdsfsd","new_role":"liquidador","password_changed":false,"old_email":"pupiu@gmail.com","old_name":"ghfhf","old_role":"liquidador","actor_user_id":39,"actor_username":"CarlosAdmin","actor_email":"admin@admin.com","ip_address":"::1","user_agent":"Mozilla/5.0 (X11; Linux x86_64; rv:140.0) Gecko/20100101 Firefox/140.0","timestamp":"2025-10-08T03:35:54+00:00"}
[2025-10-08 03:35:54] [INFO] Aplicación iniciada []
[2025-10-08 03:35:56] [INFO] Aplicación iniciada []
[2025-10-08 03:36:01] [INFO] Aplicación iniciada []
[2025-10-08 03:36:01] [INFO] Intentando actualizar usuario {"target_user_id":43,"actor_user_id":39,"actor_username":"CarlosAdmin","actor_email":"admin@admin.com","ip_address":"::1","user_agent":"Mozilla/5.0 (X11; Linux x86_64; rv:140.0) Gecko/20100101 Firefox/140.0","timestamp":"2025-10-08T03:36:01+00:00"}
[2025-10-08 03:36:01] [INFO] ✅ Usuario actualizado exitosamente {"action":"USER_UPDATED","target_user_id":43,"new_email":"sales32@gmail.com","new_name":"sales3","new_role":"facturador","password_changed":false,"old_email":"sales32@gmail.com","old_name":"sales32@gmail.com","old_role":"facturador","actor_user_id":39,"actor_username":"CarlosAdmin","actor_email":"admin@admin.com","ip_address":"::1","user_agent":"Mozilla/5.0 (X11; Linux x86_64; rv:140.0) Gecko/20100101 Firefox/140.0","timestamp":"2025-10-08T03:36:01+00:00"}
[2025-10-08 03:36:01] [INFO] Aplicación iniciada []
[2025-10-08 03:36:06] [INFO] Aplicación iniciada []
[2025-10-08 03:36:09] [INFO] Aplicación iniciada []
[2025-10-08 03:36:09] [INFO] Intentando actualizar usuario {"target_user_id":43,"actor_user_id":39,"actor_username":"CarlosAdmin","actor_email":"admin@admin.com","ip_address":"::1","user_agent":"Mozilla/5.0 (X11; Linux x86_64; rv:140.0) Gecko/20100101 Firefox/140.0","timestamp":"2025-10-08T03:36:09+00:00"}
[2025-10-08 03:36:09] [INFO] ✅ Usuario actualizado exitosamente {"action":"USER_UPDATED","target_user_id":43,"new_email":"sales32@gmail.com","new_name":"sales3","new_role":"facturador","password_changed":false,"old_email":"sales32@gmail.com","old_name":"sales3","old_role":"facturador","actor_user_id":39,"actor_username":"CarlosAdmin","actor_email":"admin@admin.com","ip_address":"::1","user_agent":"Mozilla/5.0 (X11; Linux x86_64; rv:140.0) Gecko/20100101 Firefox/140.0","timestamp":"2025-10-08T03:36:09+00:00"}
[2025-10-08 03:36:09] [INFO] Aplicación iniciada []
[2025-10-08 03:36:37] [INFO] Aplicación iniciada []
[2025-10-08 03:36:38] [INFO] Aplicación iniciada []
[2025-10-08 03:36:38] [ERROR] Router handler exception: Call to undefined method Enoc\Login\Services\UserService::delete() []
[2025-10-08 03:42:46] [INFO] Aplicación iniciada []
[2025-10-08 03:42:46] [INFO] Intentando eliminar usuario {"target_user_id":45,"actor_user_id":39,"actor_username":"CarlosAdmin","actor_email":"admin@admin.com","ip_address":"::1","user_agent":"Mozilla/5.0 (X11; Linux x86_64; rv:140.0) Gecko/20100101 Firefox/140.0","timestamp":"2025-10-08T03:42:46+00:00"}
[2025-10-08 03:42:46] [INFO] ✅ Usuario eliminado exitosamente {"target_user_id":45,"target_email":"pupiu@gmail.com","actor_user_id":39,"actor_username":"CarlosAdmin","actor_email":"admin@admin.com","ip_address":"::1","user_agent":"Mozilla/5.0 (X11; Linux x86_64; rv:140.0) Gecko/20100101 Firefox/140.0","timestamp":"2025-10-08T03:42:46+00:00"}
[2025-10-08 03:42:46] [INFO] Aplicación iniciada []
[2025-10-08 03:42:50] [INFO] Aplicación iniciada []
[2025-10-08 03:42:50] [INFO] Aplicación iniciada []
[2025-10-08 03:42:55] [INFO] Aplicación iniciada []
[2025-10-08 03:42:55] [INFO] Aplicación iniciada []
[2025-10-08 03:43:34] [INFO] Aplicación iniciada []
[2025-10-08 03:43:34] [INFO] Aplicación iniciada []
[2025-10-08 03:43:45] [INFO] Aplicación iniciada []
[2025-10-08 03:43:45] [INFO] Aplicación iniciada []
[2025-10-08 03:43:46] [INFO] Aplicación iniciada []
[2025-10-08 03:43:49] [INFO] Aplicación iniciada []
[2025-10-08 03:43:49] [INFO] Aplicación iniciada []
[2025-10-08 03:50:07] [INFO] Aplicación iniciada []
[2025-10-08 03:50:09] [INFO] Aplicación iniciada []
[2025-10-08 03:50:09] [INFO] Intentando eliminar usuario {"target_user_id":43,"actor_user_id":39,"actor_username":"CarlosAdmin","actor_email":"admin@admin.com","ip_address":"::1","user_agent":"Mozilla/5.0 (X11; Linux x86_64; rv:140.0) Gecko/20100101 Firefox/140.0","timestamp":"2025-10-08T03:50:09+00:00"}
[2025-10-08 03:50:09] [INFO] ✅ Usuario eliminado exitosamente {"target_user_id":43,"target_email":"sales32@gmail.com","actor_user_id":39,"actor_username":"CarlosAdmin","actor_email":"admin@admin.com","ip_address":"::1","user_agent":"Mozilla/5.0 (X11; Linux x86_64; rv:140.0) Gecko/20100101 Firefox/140.0","timestamp":"2025-10-08T03:50:09+00:00"}
[2025-10-08 03:50:09] [INFO] Aplicación iniciada []
[2025-10-08 03:50:13] [INFO] Aplicación iniciada []
[2025-10-08 03:50:14] [INFO] Aplicación iniciada []
[2025-10-08 03:50:14] [INFO] Intentando eliminar usuario {"target_user_id":40,"actor_user_id":39,"actor_username":"CarlosAdmin","actor_email":"admin@admin.com","ip_address":"::1","user_agent":"Mozilla/5.0 (X11; Linux x86_64; rv:140.0) Gecko/20100101 Firefox/140.0","timestamp":"2025-10-08T03:50:14+00:00"}
[2025-10-08 03:50:14] [INFO] ✅ Usuario eliminado exitosamente {"target_user_id":40,"target_email":"cli@gmail.com","actor_user_id":39,"actor_username":"CarlosAdmin","actor_email":"admin@admin.com","ip_address":"::1","user_agent":"Mozilla/5.0 (X11; Linux x86_64; rv:140.0) Gecko/20100101 Firefox/140.0","timestamp":"2025-10-08T03:50:14+00:00"}
[2025-10-08 03:50:14] [INFO] Aplicación iniciada []
[2025-10-08 03:50:21] [INFO] Aplicación iniciada []
[2025-10-08 03:50:22] [INFO] Aplicación iniciada []
[2025-10-08 03:50:22] [INFO] Intentando eliminar usuario {"target_user_id":26,"actor_user_id":39,"actor_username":"CarlosAdmin","actor_email":"admin@admin.com","ip_address":"::1","user_agent":"Mozilla/5.0 (X11; Linux x86_64; rv:140.0) Gecko/20100101 Firefox/140.0","timestamp":"2025-10-08T03:50:22+00:00"}
[2025-10-08 03:50:22] [INFO] ✅ Usuario eliminado exitosamente {"target_user_id":26,"target_email":"usu789@gmail.com","actor_user_id":39,"actor_username":"CarlosAdmin","actor_email":"admin@admin.com","ip_address":"::1","user_agent":"Mozilla/5.0 (X11; Linux x86_64; rv:140.0) Gecko/20100101 Firefox/140.0","timestamp":"2025-10-08T03:50:22+00:00"}
[2025-10-08 03:50:22] [INFO] Aplicación iniciada []
[2025-10-08 03:50:30] [INFO] Aplicación iniciada []
[2025-10-08 03:50:31] [INFO] Aplicación iniciada []
[2025-10-08 03:50:31] [INFO] Intentando eliminar usuario {"target_user_id":1,"actor_user_id":39,"actor_username":"CarlosAdmin","actor_email":"admin@admin.com","ip_address":"::1","user_agent":"Mozilla/5.0 (X11; Linux x86_64; rv:140.0) Gecko/20100101 Firefox/140.0","timestamp":"2025-10-08T03:50:31+00:00"}
[2025-10-08 03:50:31] [WARNING] Intento de eliminar administrador {"target_user_id":1,"actor_user_id":39,"actor_username":"CarlosAdmin","actor_email":"admin@admin.com","ip_address":"::1","user_agent":"Mozilla/5.0 (X11; Linux x86_64; rv:140.0) Gecko/20100101 Firefox/140.0","timestamp":"2025-10-08T03:50:31+00:00"}
[2025-10-08 03:50:31] [ERROR] Router handler exception: No se pueden eliminar administradores []
[2025-10-08 03:50:33] [INFO] Aplicación iniciada []
[2025-10-08 03:51:05] [INFO] Aplicación iniciada []
[2025-10-08 03:51:07] [INFO] Aplicación iniciada []
[2025-10-08 03:51:26] [INFO] Aplicación iniciada []
[2025-10-08 03:51:26] [INFO] Intentando crear usuario {"target_email":"juas@gmail.com","target_role":"vendedor_sistema","actor_user_id":39,"actor_username":"CarlosAdmin","actor_email":"admin@admin.com","ip_address":"::1","user_agent":"Mozilla/5.0 (X11; Linux x86_64; rv:140.0) Gecko/20100101 Firefox/140.0","timestamp":"2025-10-08T03:51:26+00:00"}
[2025-10-08 03:51:27] [INFO] ✅ Usuario creado exitosamente {"action":"USER_CREATED","target_user_id":46,"target_email":"juas@gmail.com","target_name":"Yan","target_role":"vendedor_sistema","actor_user_id":39,"actor_username":"CarlosAdmin","actor_email":"admin@admin.com","ip_address":"::1","user_agent":"Mozilla/5.0 (X11; Linux x86_64; rv:140.0) Gecko/20100101 Firefox/140.0","timestamp":"2025-10-08T03:51:27+00:00"}
[2025-10-08 03:51:27] [INFO] Aplicación iniciada []
[2025-10-08 03:51:30] [INFO] Aplicación iniciada []
[2025-10-08 03:51:30] [INFO] Aplicación iniciada []
[2025-10-08 03:58:16] [INFO] Aplicación iniciada []
[2025-10-08 03:58:17] [INFO] Aplicación iniciada []
[2025-10-08 03:58:28] [INFO] Aplicación iniciada []
[2025-10-08 03:58:28] [INFO] Aplicación iniciada []
[2025-10-08 03:58:30] [INFO] Aplicación iniciada []
[2025-10-08 03:58:33] [INFO] Aplicación iniciada []
[2025-10-08 03:58:33] [INFO] Aplicación iniciada []
[2025-10-08 03:58:46] [INFO] Aplicación iniciada []
[2025-10-08 03:58:46] [INFO] Aplicación iniciada []
[2025-10-08 03:59:00] [INFO] Aplicación iniciada []
[2025-10-08 03:59:01] [INFO] Aplicación iniciada []
[2025-10-08 03:59:01] [INFO] Intentando eliminar usuario {"target_user_id":46,"actor_user_id":39,"actor_username":"CarlosAdmin","actor_email":"admin@admin.com","ip_address":"::1","user_agent":"Mozilla/5.0 (X11; Linux x86_64; rv:140.0) Gecko/20100101 Firefox/140.0","timestamp":"2025-10-08T03:59:01+00:00"}
[2025-10-08 03:59:01] [INFO] ✅ Usuario eliminado exitosamente {"target_user_id":46,"target_email":"juas@gmail.com","actor_user_id":39,"actor_username":"CarlosAdmin","actor_email":"admin@admin.com","ip_address":"::1","user_agent":"Mozilla/5.0 (X11; Linux x86_64; rv:140.0) Gecko/20100101 Firefox/140.0","timestamp":"2025-10-08T03:59:01+00:00"}
[2025-10-08 03:59:01] [INFO] Aplicación iniciada []
[2025-10-08 03:59:03] [INFO] Aplicación iniciada []
[2025-10-08 03:59:22] [INFO] Aplicación iniciada []
[2025-10-08 03:59:22] [INFO] Intentando crear usuario {"target_email":"qwwert@gmail.com","target_role":"liquidador","actor_user_id":39,"actor_username":"CarlosAdmin","actor_email":"admin@admin.com","ip_address":"::1","user_agent":"Mozilla/5.0 (X11; Linux x86_64; rv:140.0) Gecko/20100101 Firefox/140.0","timestamp":"2025-10-08T03:59:22+00:00"}
[2025-10-08 03:59:22] [INFO] ✅ Usuario creado exitosamente {"action":"USER_CREATED","target_user_id":47,"target_email":"qwwert@gmail.com","target_name":"dsasadsa","target_role":"liquidador","actor_user_id":39,"actor_username":"CarlosAdmin","actor_email":"admin@admin.com","ip_address":"::1","user_agent":"Mozilla/5.0 (X11; Linux x86_64; rv:140.0) Gecko/20100101 Firefox/140.0","timestamp":"2025-10-08T03:59:22+00:00"}
[2025-10-08 03:59:22] [INFO] Aplicación iniciada []
[2025-10-08 03:59:25] [INFO] Aplicación iniciada []
[2025-10-08 03:59:30] [INFO] Aplicación iniciada []
[2025-10-08 03:59:30] [INFO] Intentando actualizar usuario {"target_user_id":47,"actor_user_id":39,"actor_username":"CarlosAdmin","actor_email":"admin@admin.com","ip_address":"::1","user_agent":"Mozilla/5.0 (X11; Linux x86_64; rv:140.0) Gecko/20100101 Firefox/140.0","timestamp":"2025-10-08T03:59:30+00:00"}
[2025-10-08 03:59:30] [INFO] ✅ Usuario actualizado exitosamente {"action":"USER_UPDATED","target_user_id":47,"new_email":"qwwert@gmail.com","new_name":"dsasa","new_role":"bodeguero","password_changed":false,"old_email":"qwwert@gmail.com","old_name":"dsasadsa","old_role":"liquidador","actor_user_id":39,"actor_username":"CarlosAdmin","actor_email":"admin@admin.com","ip_address":"::1","user_agent":"Mozilla/5.0 (X11; Linux x86_64; rv:140.0) Gecko/20100101 Firefox/140.0","timestamp":"2025-10-08T03:59:30+00:00"}
[2025-10-08 03:59:30] [INFO] Aplicación iniciada []
[2025-10-08 23:49:43] [INFO] Aplicación iniciada []
[2025-10-08 23:49:45] [INFO] Aplicación iniciada []
[2025-10-08 23:49:49] [INFO] Aplicación iniciada []
[2025-10-08 23:49:49] [WARNING] Failed login attempt {"email":"usu7@gmail.com","ip":"::1"}
[2025-10-08 23:49:49] [INFO] Aplicación iniciada []
[2025-10-08 23:49:53] [INFO] Aplicación iniciada []
[2025-10-08 23:49:53] [WARNING] Failed login attempt {"email":"asumaquina@gmail.com","ip":"::1"}
[2025-10-08 23:49:53] [INFO] Aplicación iniciada []
[2025-10-08 23:49:57] [INFO] Aplicación iniciada []
[2025-10-08 23:49:57] [WARNING] Failed login attempt {"email":"asumaquina@gmail.com","ip":"::1"}
[2025-10-08 23:49:57] [INFO] Aplicación iniciada []
[2025-10-08 23:50:00] [INFO] Aplicación iniciada []
[2025-10-08 23:50:00] [WARNING] Failed login attempt {"email":"asumaquina@gmail.com","ip":"::1"}
[2025-10-08 23:50:00] [INFO] Aplicación iniciada []
[2025-10-08 23:50:07] [INFO] Aplicación iniciada []
[2025-10-08 23:50:07] [WARNING] Failed login attempt {"email":"usu7@gmail.com","ip":"::1"}
[2025-10-08 23:50:07] [INFO] Aplicación iniciada []
[2025-10-08 23:50:12] [INFO] Aplicación iniciada []
[2025-10-08 23:50:12] [WARNING] Failed login attempt {"email":"locoo@gmail.com","ip":"::1"}
[2025-10-08 23:50:12] [INFO] Aplicación iniciada []
[2025-10-08 23:50:18] [INFO] Aplicación iniciada []
[2025-10-08 23:50:18] [WARNING] Failed login attempt {"email":"locoo@gmail.com","ip":"::1"}
[2025-10-08 23:50:18] [INFO] Aplicación iniciada []
[2025-10-08 23:53:25] [INFO] Aplicación iniciada []
[2025-10-08 23:53:25] [INFO] Successful login {"email":"admin@admin.com"}
[2025-10-08 23:53:25] [INFO] Aplicación iniciada []
[2025-10-08 23:53:27] [INFO] Aplicación iniciada []
[2025-10-08 23:53:28] [INFO] Aplicación iniciada []
[2025-10-08 23:53:48] [INFO] Aplicación iniciada []
[2025-10-08 23:53:48] [INFO] Intentando crear usuario {"target_email":"saqwe@gmial.com","target_role":"bodeguero","actor_user_id":39,"actor_username":"CarlosAdmin","actor_email":"admin@admin.com","ip_address":"::1","user_agent":"Mozilla/5.0 (X11; Linux x86_64; rv:140.0) Gecko/20100101 Firefox/140.0","timestamp":"2025-10-08T23:53:48+00:00"}
[2025-10-08 23:53:48] [INFO] ✅ Usuario creado exitosamente {"action":"USER_CREATED","target_user_id":52,"target_email":"saqwe@gmial.com","target_name":"saqwe","target_role":"bodeguero","actor_user_id":39,"actor_username":"CarlosAdmin","actor_email":"admin@admin.com","ip_address":"::1","user_agent":"Mozilla/5.0 (X11; Linux x86_64; rv:140.0) Gecko/20100101 Firefox/140.0","timestamp":"2025-10-08T23:53:48+00:00"}
[2025-10-08 23:53:48] [INFO] Aplicación iniciada []
[2025-10-08 23:53:52] [INFO] Aplicación iniciada []
[2025-10-08 23:53:54] [INFO] Aplicación iniciada []
[2025-10-08 23:53:54] [INFO] Intentando actualizar usuario {"target_user_id":52,"actor_user_id":39,"actor_username":"CarlosAdmin","actor_email":"admin@admin.com","ip_address":"::1","user_agent":"Mozilla/5.0 (X11; Linux x86_64; rv:140.0) Gecko/20100101 Firefox/140.0","timestamp":"2025-10-08T23:53:54+00:00"}
[2025-10-08 23:53:54] [INFO] ✅ Usuario actualizado exitosamente {"action":"USER_UPDATED","target_user_id":52,"new_email":"saqwe@gmial.com","new_name":"saqwe","new_role":"facturador","password_changed":false,"old_email":"saqwe@gmial.com","old_name":"saqwe","old_role":"bodeguero","actor_user_id":39,"actor_username":"CarlosAdmin","actor_email":"admin@admin.com","ip_address":"::1","user_agent":"Mozilla/5.0 (X11; Linux x86_64; rv:140.0) Gecko/20100101 Firefox/140.0","timestamp":"2025-10-08T23:53:54+00:00"}
[2025-10-08 23:53:54] [INFO] Aplicación iniciada []
[2025-10-08 23:53:56] [INFO] Aplicación iniciada []
[2025-10-08 23:53:57] [INFO] Aplicación iniciada []
[2025-10-08 23:53:57] [INFO] Intentando eliminar usuario {"target_user_id":52,"actor_user_id":39,"actor_username":"CarlosAdmin","actor_email":"admin@admin.com","ip_address":"::1","user_agent":"Mozilla/5.0 (X11; Linux x86_64; rv:140.0) Gecko/20100101 Firefox/140.0","timestamp":"2025-10-08T23:53:57+00:00"}
[2025-10-08 23:53:57] [INFO] ✅ Usuario eliminado exitosamente {"target_user_id":52,"target_email":"saqwe@gmial.com","actor_user_id":39,"actor_username":"CarlosAdmin","actor_email":"admin@admin.com","ip_address":"::1","user_agent":"Mozilla/5.0 (X11; Linux x86_64; rv:140.0) Gecko/20100101 Firefox/140.0","timestamp":"2025-10-08T23:53:57+00:00"}
[2025-10-08 23:53:57] [INFO] Aplicación iniciada []
[2025-10-08 23:54:00] [INFO] Aplicación iniciada []
[2025-10-08 23:54:01] [INFO] Aplicación iniciada []
[2025-10-08 23:54:01] [INFO] Intentando eliminar usuario {"target_user_id":47,"actor_user_id":39,"actor_username":"CarlosAdmin","actor_email":"admin@admin.com","ip_address":"::1","user_agent":"Mozilla/5.0 (X11; Linux x86_64; rv:140.0) Gecko/20100101 Firefox/140.0","timestamp":"2025-10-08T23:54:01+00:00"}
[2025-10-08 23:54:01] [INFO] ✅ Usuario eliminado exitosamente {"target_user_id":47,"target_email":"qwwert@gmail.com","actor_user_id":39,"actor_username":"CarlosAdmin","actor_email":"admin@admin.com","ip_address":"::1","user_agent":"Mozilla/5.0 (X11; Linux x86_64; rv:140.0) Gecko/20100101 Firefox/140.0","timestamp":"2025-10-08T23:54:01+00:00"}
[2025-10-08 23:54:01] [INFO] Aplicación iniciada []
[2025-10-08 23:54:03] [INFO] Aplicación iniciada []
[2025-10-08 23:54:03] [INFO] Aplicación iniciada []
