[2025-10-03 02:26:13] [ERROR] Unhandled exception: Class "Enoc\Login\Controllers\UpdateUserForm" not found
#0 /home/enoc/Login/app/Core/Router.php(191): Enoc\Login\Controllers\AdminController->update()
#1 /home/enoc/Login/app/Core/Router.php(168): Enoc\Login\Core\Router->executeControllerMethod()
#2 /home/enoc/Login/app/Core/Router.php(144): Enoc\Login\Core\Router->executeHandler()
#3 /home/enoc/Login/public/index.php(229): Enoc\Login\Core\Router->dispatch()
#4 {main}
[2025-10-03 02:28:36] [ERROR] AdminController::update error: Enoc\Login\Services\UserService::update(): Argument #1 ($dto) must be of type Enoc\Login\Services\UpdateUserDTO, Enoc\Login\Dto\UpdateUserDTO given, called in /home/enoc/Login/app/Controllers/AdminController.php on line 210
[2025-10-03 02:33:27] [ERROR] Unhandled exception: Too few arguments to function Enoc\Login\Controllers\AdminController::update(), 0 passed in /home/enoc/Login/app/Core/Router.php on line 191 and exactly 1 expected
#0 /home/enoc/Login/app/Core/Router.php(191): Enoc\Login\Controllers\AdminController->update()
#1 /home/enoc/Login/app/Core/Router.php(168): Enoc\Login\Core\Router->executeControllerMethod()
#2 /home/enoc/Login/app/Core/Router.php(144): Enoc\Login\Core\Router->executeHandler()
#3 /home/enoc/Login/public/index.php(229): Enoc\Login\Core\Router->dispatch()
#4 {main}
[2025-10-03 02:44:17] [ERROR] Router handler exception: Too few arguments to function Enoc\Login\Controllers\AdminController::update(), 0 passed in /home/enoc/Login/app/Core/Router.php on line 227 and exactly 1 expected
[2025-10-03 02:46:46] [ERROR] AdminController::update error: Enoc\Login\Services\UserService::update(): Argument #1 ($dto) must be of type Enoc\Login\Services\UpdateUserDTO, Enoc\Login\Dto\UpdateUserDTO given, called in /home/enoc/Login/app/Controllers/AdminController.php on line 210
[2025-10-03 02:49:33] [ERROR] AdminController::update error: Enoc\Login\Services\UserService::update(): Argument #1 ($dto) must be of type Enoc\Login\Services\UpdateUserDTO, Enoc\Login\Dto\UpdateUserDTO given, called in /home/enoc/Login/app/Controllers/AdminController.php on line 210
[2025-10-03 02:49:33] [ERROR] Router handler exception: Error al renderizar la vista.
[2025-10-03 02:50:11] [ERROR] Router handler exception: Error al renderizar la vista.
[2025-10-03 02:50:15] [ERROR] Router handler exception: Error al renderizar la vista.
[2025-10-03 02:54:16] [ERROR] Router handler exception: Error al renderizar la vista.
