[2025-10-07 01:10:28] [INFO] Aplicación iniciada []
[2025-10-07 01:10:28] [INFO] Aplicación iniciada []
[2025-10-07 01:10:30] [INFO] Aplicación iniciada []
[2025-10-07 01:10:47] [INFO] Aplicación iniciada []
[2025-10-07 01:10:47] [INFO] Aplicación iniciada []
[2025-10-07 01:10:50] [INFO] Aplicación iniciada []
[2025-10-07 01:10:51] [INFO] Aplicación iniciada []
[2025-10-07 01:10:57] [INFO] Aplicación iniciada []
[2025-10-07 01:11:05] [INFO] Aplicación iniciada []
[2025-10-07 01:11:06] [INFO] Aplicación iniciada []
[2025-10-07 01:11:06] [INFO] Intentando eliminar usuario {"target_user_id":21,"actor_user_id":39,"actor_username":"CarlosAdmin","actor_email":"admin@admin.com","ip_address":"::1","user_agent":"Mozilla/5.0 (X11; Linux x86_64; rv:140.0) Gecko/20100101 Firefox/140.0","timestamp":"2025-10-07T01:11:06+00:00"}
[2025-10-07 01:11:06] [WARNING] ⚠️ Usuario eliminado (soft delete) {"action":"USER_DELETED","target_user_id":21,"target_email":"guty@user.com","actor_user_id":39,"actor_username":"CarlosAdmin","actor_email":"admin@admin.com","ip_address":"::1","user_agent":"Mozilla/5.0 (X11; Linux x86_64; rv:140.0) Gecko/20100101 Firefox/140.0","timestamp":"2025-10-07T01:11:06+00:00"}
[2025-10-07 01:11:06] [INFO] Aplicación iniciada []
[2025-10-07 01:11:09] [INFO] Aplicación iniciada []
[2025-10-07 01:11:17] [INFO] Aplicación iniciada []
[2025-10-07 01:11:19] [INFO] Aplicación iniciada []
[2025-10-07 01:11:28] [INFO] Aplicación iniciada []
[2025-10-07 01:11:28] [INFO] Aplicación iniciada []
[2025-10-07 01:19:46] [INFO] Aplicación iniciada []
[2025-10-07 01:19:48] [INFO] Aplicación iniciada []
[2025-10-07 01:20:02] [INFO] Aplicación iniciada []
[2025-10-07 01:20:02] [INFO] Aplicación iniciada []
[2025-10-07 01:20:03] [INFO] Aplicación iniciada []
[2025-10-07 01:20:04] [INFO] Aplicación iniciada []
[2025-10-07 01:20:04] [ERROR] Router handler exception: Error al renderizar la vista. []
[2025-10-07 01:22:42] [INFO] Aplicación iniciada []
[2025-10-07 01:22:42] [ERROR] Router handler exception: Error al renderizar la vista. []
[2025-10-07 01:24:49] [INFO] Aplicación iniciada []
[2025-10-07 01:24:49] [ERROR] Router handler exception: Error al renderizar la vista. []
[2025-10-07 01:24:50] [INFO] Aplicación iniciada []
[2025-10-07 01:24:51] [INFO] Aplicación iniciada []
[2025-10-07 01:24:52] [INFO] Aplicación iniciada []
[2025-10-07 01:24:53] [INFO] Aplicación iniciada []
[2025-10-07 01:24:53] [ERROR] Router handler exception: Error al renderizar la vista. []
[2025-10-07 01:26:03] [INFO] Aplicación iniciada []
[2025-10-07 01:26:03] [ERROR] Router handler exception: Error al renderizar la vista. []
[2025-10-07 01:48:57] [INFO] Aplicación iniciada []
[2025-10-07 01:48:57] [ERROR] Router handler exception: Error al renderizar la vista. []
[2025-10-07 01:53:56] [INFO] Aplicación iniciada []
[2025-10-07 01:53:56] [ERROR] Router handler exception: Error al renderizar la vista. []
[2025-10-07 01:53:57] [INFO] Aplicación iniciada []
[2025-10-07 01:53:59] [INFO] Aplicación iniciada []
[2025-10-07 01:54:00] [INFO] Aplicación iniciada []
[2025-10-07 01:54:01] [INFO] Aplicación iniciada []
[2025-10-07 01:54:01] [ERROR] Router handler exception: Error al renderizar la vista. []
[2025-10-07 01:54:46] [INFO] Aplicación iniciada []
[2025-10-07 01:54:51] [INFO] Aplicación iniciada []
[2025-10-07 01:54:54] [INFO] Aplicación iniciada []
[2025-10-07 02:09:02] [INFO] Aplicación iniciada []
[2025-10-07 02:09:03] [INFO] Aplicación iniciada []
[2025-10-07 02:09:05] [INFO] Aplicación iniciada []
[2025-10-07 02:09:07] [INFO] Aplicación iniciada []
[2025-10-07 02:09:08] [INFO] Aplicación iniciada []
[2025-10-07 02:09:12] [INFO] Aplicación iniciada []
[2025-10-07 02:11:52] [INFO] Aplicación iniciada []
[2025-10-07 02:11:58] [INFO] Aplicación iniciada []
[2025-10-07 02:11:59] [INFO] Aplicación iniciada []
[2025-10-07 02:12:02] [INFO] Aplicación iniciada []
[2025-10-07 02:12:05] [INFO] Aplicación iniciada []
[2025-10-07 02:13:41] [INFO] Aplicación iniciada []
[2025-10-07 02:13:42] [INFO] Aplicación iniciada []
[2025-10-07 02:14:15] [INFO] Aplicación iniciada []
[2025-10-07 02:14:15] [ERROR] Router handler exception: Class "Enoc\Login\Http\Forms\UserRoles" not found []
[2025-10-07 02:16:55] [INFO] Aplicación iniciada []
[2025-10-07 02:16:55] [INFO] Intentando crear usuario {"target_email":"sales1@gmail.com","target_role":"facturador","actor_user_id":39,"actor_username":"CarlosAdmin","actor_email":"admin@admin.com","ip_address":"::1","user_agent":"Mozilla/5.0 (X11; Linux x86_64; rv:140.0) Gecko/20100101 Firefox/140.0","timestamp":"2025-10-07T02:16:55+00:00"}
[2025-10-07 02:16:55] [ERROR] Intento de crear usuario con rol inválido {"target_email":"sales1@gmail.com","invalid_role":"facturador","actor_user_id":39,"actor_username":"CarlosAdmin","actor_email":"admin@admin.com","ip_address":"::1","user_agent":"Mozilla/5.0 (X11; Linux x86_64; rv:140.0) Gecko/20100101 Firefox/140.0","timestamp":"2025-10-07T02:16:55+00:00"}
[2025-10-07 02:16:55] [INFO] Aplicación iniciada []
[2025-10-07 02:17:15] [INFO] Aplicación iniciada []
[2025-10-07 02:17:15] [INFO] Intentando crear usuario {"target_email":"sales1@gmail.com","target_role":"facturador","actor_user_id":39,"actor_username":"CarlosAdmin","actor_email":"admin@admin.com","ip_address":"::1","user_agent":"Mozilla/5.0 (X11; Linux x86_64; rv:140.0) Gecko/20100101 Firefox/140.0","timestamp":"2025-10-07T02:17:15+00:00"}
[2025-10-07 02:17:15] [ERROR] Intento de crear usuario con rol inválido {"target_email":"sales1@gmail.com","invalid_role":"facturador","actor_user_id":39,"actor_username":"CarlosAdmin","actor_email":"admin@admin.com","ip_address":"::1","user_agent":"Mozilla/5.0 (X11; Linux x86_64; rv:140.0) Gecko/20100101 Firefox/140.0","timestamp":"2025-10-07T02:17:15+00:00"}
[2025-10-07 02:17:15] [INFO] Aplicación iniciada []
[2025-10-07 02:20:42] [INFO] Aplicación iniciada []
[2025-10-07 02:20:42] [INFO] Intentando crear usuario {"target_email":"sales1@gmail.com","target_role":"admin","actor_user_id":39,"actor_username":"CarlosAdmin","actor_email":"admin@admin.com","ip_address":"::1","user_agent":"Mozilla/5.0 (X11; Linux x86_64; rv:140.0) Gecko/20100101 Firefox/140.0","timestamp":"2025-10-07T02:20:42+00:00"}
[2025-10-07 02:20:43] [INFO] ✅ Usuario creado exitosamente {"action":"USER_CREATED","target_user_id":42,"target_email":"sales1@gmail.com","target_name":"SALES","target_role":"admin","actor_user_id":39,"actor_username":"CarlosAdmin","actor_email":"admin@admin.com","ip_address":"::1","user_agent":"Mozilla/5.0 (X11; Linux x86_64; rv:140.0) Gecko/20100101 Firefox/140.0","timestamp":"2025-10-07T02:20:43+00:00"}
[2025-10-07 02:20:43] [INFO] Aplicación iniciada []
[2025-10-07 02:20:50] [INFO] Aplicación iniciada []
[2025-10-07 02:20:58] [INFO] Aplicación iniciada []
[2025-10-07 02:21:00] [INFO] Aplicación iniciada []
[2025-10-07 02:21:01] [INFO] Aplicación iniciada []
[2025-10-07 02:21:01] [INFO] Intentando eliminar usuario {"target_user_id":42,"actor_user_id":39,"actor_username":"CarlosAdmin","actor_email":"admin@admin.com","ip_address":"::1","user_agent":"Mozilla/5.0 (X11; Linux x86_64; rv:140.0) Gecko/20100101 Firefox/140.0","timestamp":"2025-10-07T02:21:01+00:00"}
[2025-10-07 02:21:01] [WARNING] ⚠️ Usuario eliminado (soft delete) {"action":"USER_DELETED","target_user_id":42,"target_email":"sales1@gmail.com","actor_user_id":39,"actor_username":"CarlosAdmin","actor_email":"admin@admin.com","ip_address":"::1","user_agent":"Mozilla/5.0 (X11; Linux x86_64; rv:140.0) Gecko/20100101 Firefox/140.0","timestamp":"2025-10-07T02:21:01+00:00"}
[2025-10-07 02:21:01] [INFO] Aplicación iniciada []
[2025-10-07 02:21:03] [INFO] Aplicación iniciada []
[2025-10-07 02:21:28] [INFO] Aplicación iniciada []
[2025-10-07 02:21:28] [INFO] Intentando crear usuario {"target_email":"sales11@gmail.com","target_role":"facturador","actor_user_id":39,"actor_username":"CarlosAdmin","actor_email":"admin@admin.com","ip_address":"::1","user_agent":"Mozilla/5.0 (X11; Linux x86_64; rv:140.0) Gecko/20100101 Firefox/140.0","timestamp":"2025-10-07T02:21:28+00:00"}
[2025-10-07 02:21:28] [ERROR] Intento de crear usuario con rol inválido {"target_email":"sales11@gmail.com","invalid_role":"facturador","actor_user_id":39,"actor_username":"CarlosAdmin","actor_email":"admin@admin.com","ip_address":"::1","user_agent":"Mozilla/5.0 (X11; Linux x86_64; rv:140.0) Gecko/20100101 Firefox/140.0","timestamp":"2025-10-07T02:21:28+00:00"}
[2025-10-07 02:21:28] [INFO] Aplicación iniciada []
[2025-10-07 02:25:22] [INFO] Aplicación iniciada []
[2025-10-07 02:25:22] [INFO] Intentando crear usuario {"target_email":"sales11@gmail.com","target_role":"facturador","actor_user_id":39,"actor_username":"CarlosAdmin","actor_email":"admin@admin.com","ip_address":"::1","user_agent":"Mozilla/5.0 (X11; Linux x86_64; rv:140.0) Gecko/20100101 Firefox/140.0","timestamp":"2025-10-07T02:25:22+00:00"}
[2025-10-07 02:25:23] [ERROR] Registro falló: Datos inválidos en createUserHashed. []
[2025-10-07 02:25:23] [INFO] ✅ Usuario creado exitosamente {"action":"USER_CREATED","target_user_id":null,"target_email":"sales11@gmail.com","target_name":"sales11","target_role":"facturador","actor_user_id":39,"actor_username":"CarlosAdmin","actor_email":"admin@admin.com","ip_address":"::1","user_agent":"Mozilla/5.0 (X11; Linux x86_64; rv:140.0) Gecko/20100101 Firefox/140.0","timestamp":"2025-10-07T02:25:23+00:00"}
[2025-10-07 02:25:23] [INFO] Aplicación iniciada []
[2025-10-07 02:25:27] [INFO] Aplicación iniciada []
[2025-10-07 02:25:29] [INFO] Aplicación iniciada []
[2025-10-07 02:31:14] [INFO] Aplicación iniciada []
[2025-10-07 02:31:17] [INFO] Aplicación iniciada []
[2025-10-07 02:31:44] [INFO] Aplicación iniciada []
[2025-10-07 02:31:44] [INFO] Intentando crear usuario {"target_email":"sales32@gmail.com","target_role":"facturador","actor_user_id":39,"actor_username":"CarlosAdmin","actor_email":"admin@admin.com","ip_address":"::1","user_agent":"Mozilla/5.0 (X11; Linux x86_64; rv:140.0) Gecko/20100101 Firefox/140.0","timestamp":"2025-10-07T02:31:44+00:00"}
[2025-10-07 02:31:44] [INFO] ✅ Usuario creado exitosamente {"action":"USER_CREATED","target_user_id":43,"target_email":"sales32@gmail.com","target_name":"sales32@gmail.com","target_role":"facturador","actor_user_id":39,"actor_username":"CarlosAdmin","actor_email":"admin@admin.com","ip_address":"::1","user_agent":"Mozilla/5.0 (X11; Linux x86_64; rv:140.0) Gecko/20100101 Firefox/140.0","timestamp":"2025-10-07T02:31:44+00:00"}
[2025-10-07 02:31:44] [INFO] Aplicación iniciada []
[2025-10-07 02:41:06] [INFO] Aplicación iniciada []
[2025-10-07 02:41:08] [INFO] Aplicación iniciada []
[2025-10-07 02:47:42] [INFO] Aplicación iniciada []
[2025-10-07 02:47:44] [INFO] Aplicación iniciada []
[2025-10-07 02:47:44] [ERROR] Router handler exception: Error al renderizar la vista. []
[2025-10-07 02:49:05] [INFO] Aplicación iniciada []
[2025-10-07 02:49:05] [ERROR] Router handler exception: Error al renderizar la vista. []
[2025-10-07 02:49:21] [INFO] Aplicación iniciada []
[2025-10-07 02:49:21] [ERROR] Router handler exception: Error al renderizar la vista. []
[2025-10-07 02:49:22] [INFO] Aplicación iniciada []
[2025-10-07 02:49:23] [INFO] Aplicación iniciada []
[2025-10-07 02:49:24] [INFO] Aplicación iniciada []
[2025-10-07 02:49:25] [INFO] Aplicación iniciada []
[2025-10-07 02:49:25] [ERROR] Router handler exception: Error al renderizar la vista. []
[2025-10-07 02:50:07] [INFO] Aplicación iniciada []
[2025-10-07 02:50:07] [ERROR] Router handler exception: Error al renderizar la vista. []
[2025-10-07 02:50:08] [INFO] Aplicación iniciada []
[2025-10-07 02:50:10] [INFO] Aplicación iniciada []
[2025-10-07 02:50:11] [INFO] Aplicación iniciada []
[2025-10-07 02:50:11] [INFO] Aplicación iniciada []
[2025-10-07 02:50:12] [INFO] Aplicación iniciada []
[2025-10-07 02:50:12] [ERROR] Router handler exception: Error al renderizar la vista. []
[2025-10-07 02:50:43] [INFO] Aplicación iniciada []
[2025-10-07 02:50:44] [INFO] Aplicación iniciada []
[2025-10-07 02:53:26] [INFO] Aplicación iniciada []
[2025-10-07 02:53:51] [INFO] Aplicación iniciada []
[2025-10-07 02:53:56] [INFO] Aplicación iniciada []
[2025-10-07 02:53:59] [INFO] Aplicación iniciada []
[2025-10-07 02:54:04] [INFO] Aplicación iniciada []
[2025-10-07 02:54:04] [INFO] Intentando actualizar usuario {"target_user_id":40,"target_email":"cli@gmail.com","has_password_change":false,"actor_user_id":39,"actor_username":"CarlosAdmin","actor_email":"admin@admin.com","ip_address":"::1","user_agent":"Mozilla/5.0 (X11; Linux x86_64; rv:140.0) Gecko/20100101 Firefox/140.0","timestamp":"2025-10-07T02:54:04+00:00"}
[2025-10-07 02:54:04] [INFO] ✅ Usuario actualizado {"action":"USER_UPDATED","target_user_id":40,"target_email":"cli@gmail.com","target_name":"cli cl","target_role":"user","password_changed":false,"old_email":"cli@gmail.com","old_name":"cli cl","old_role":"user","actor_user_id":39,"actor_username":"CarlosAdmin","actor_email":"admin@admin.com","ip_address":"::1","user_agent":"Mozilla/5.0 (X11; Linux x86_64; rv:140.0) Gecko/20100101 Firefox/140.0","timestamp":"2025-10-07T02:54:04+00:00"}
[2025-10-07 02:54:04] [INFO] Aplicación iniciada []
[2025-10-07 02:58:36] [INFO] Aplicación iniciada []
[2025-10-07 02:58:40] [INFO] Aplicación iniciada []
[2025-10-07 02:58:40] [INFO] Intentando actualizar usuario {"target_user_id":40,"target_email":"cli@gmail.com","has_password_change":false,"actor_user_id":39,"actor_username":"CarlosAdmin","actor_email":"admin@admin.com","ip_address":"::1","user_agent":"Mozilla/5.0 (X11; Linux x86_64; rv:140.0) Gecko/20100101 Firefox/140.0","timestamp":"2025-10-07T02:58:40+00:00"}
[2025-10-07 02:58:40] [INFO] ✅ Usuario actualizado {"action":"USER_UPDATED","target_user_id":40,"target_email":"cli@gmail.com","target_name":"cli cl","target_role":"user","password_changed":false,"old_email":"cli@gmail.com","old_name":"cli cl","old_role":"user","actor_user_id":39,"actor_username":"CarlosAdmin","actor_email":"admin@admin.com","ip_address":"::1","user_agent":"Mozilla/5.0 (X11; Linux x86_64; rv:140.0) Gecko/20100101 Firefox/140.0","timestamp":"2025-10-07T02:58:40+00:00"}
[2025-10-07 02:58:40] [INFO] Aplicación iniciada []
[2025-10-07 02:58:44] [INFO] Aplicación iniciada []
[2025-10-07 02:58:51] [INFO] Aplicación iniciada []
[2025-10-07 02:58:51] [INFO] Intentando actualizar usuario {"target_user_id":40,"target_email":"cli@gmail.com","has_password_change":false,"actor_user_id":39,"actor_username":"CarlosAdmin","actor_email":"admin@admin.com","ip_address":"::1","user_agent":"Mozilla/5.0 (X11; Linux x86_64; rv:140.0) Gecko/20100101 Firefox/140.0","timestamp":"2025-10-07T02:58:51+00:00"}
[2025-10-07 02:58:51] [INFO] ✅ Usuario actualizado {"action":"USER_UPDATED","target_user_id":40,"target_email":"cli@gmail.com","target_name":"cli cl","target_role":"user","password_changed":false,"old_email":"cli@gmail.com","old_name":"cli cl","old_role":"user","actor_user_id":39,"actor_username":"CarlosAdmin","actor_email":"admin@admin.com","ip_address":"::1","user_agent":"Mozilla/5.0 (X11; Linux x86_64; rv:140.0) Gecko/20100101 Firefox/140.0","timestamp":"2025-10-07T02:58:51+00:00"}
[2025-10-07 02:58:51] [INFO] Aplicación iniciada []
[2025-10-07 03:01:43] [INFO] Aplicación iniciada []
[2025-10-07 03:01:45] [INFO] Aplicación iniciada []
[2025-10-07 03:02:15] [INFO] Aplicación iniciada []
[2025-10-07 03:02:15] [INFO] Aplicación iniciada []
[2025-10-07 03:02:58] [INFO] Aplicación iniciada []
[2025-10-07 03:03:04] [INFO] Aplicación iniciada []
[2025-10-07 03:03:09] [INFO] Aplicación iniciada []
[2025-10-07 03:03:10] [INFO] Aplicación iniciada []
[2025-10-07 03:03:13] [INFO] Aplicación iniciada []
[2025-10-07 03:03:16] [INFO] Aplicación iniciada []
[2025-10-07 03:03:23] [INFO] Aplicación iniciada []
[2025-10-07 03:03:23] [INFO] Intentando actualizar usuario {"target_user_id":43,"target_email":"sales32@gmail.com","has_password_change":false,"actor_user_id":39,"actor_username":"CarlosAdmin","actor_email":"admin@admin.com","ip_address":"::1","user_agent":"Mozilla/5.0 (X11; Linux x86_64; rv:140.0) Gecko/20100101 Firefox/140.0","timestamp":"2025-10-07T03:03:23+00:00"}
[2025-10-07 03:03:23] [INFO] ✅ Usuario actualizado {"action":"USER_UPDATED","target_user_id":43,"target_email":"sales32@gmail.com","target_name":"sales32@gmail.com","target_role":"user","password_changed":false,"old_email":"sales32@gmail.com","old_name":"sales32@gmail.com","old_role":"facturador","actor_user_id":39,"actor_username":"CarlosAdmin","actor_email":"admin@admin.com","ip_address":"::1","user_agent":"Mozilla/5.0 (X11; Linux x86_64; rv:140.0) Gecko/20100101 Firefox/140.0","timestamp":"2025-10-07T03:03:23+00:00"}
[2025-10-07 03:03:23] [INFO] Aplicación iniciada []
[2025-10-07 03:03:43] [INFO] Aplicación iniciada []
[2025-10-07 03:03:44] [INFO] Aplicación iniciada []
[2025-10-07 03:03:44] [INFO] Intentando eliminar usuario {"target_user_id":27,"actor_user_id":39,"actor_username":"CarlosAdmin","actor_email":"admin@admin.com","ip_address":"::1","user_agent":"Mozilla/5.0 (X11; Linux x86_64; rv:140.0) Gecko/20100101 Firefox/140.0","timestamp":"2025-10-07T03:03:44+00:00"}
[2025-10-07 03:03:44] [WARNING] ⚠️ Usuario eliminado (soft delete) {"action":"USER_DELETED","target_user_id":27,"target_email":"usu7@gmail.com","actor_user_id":39,"actor_username":"CarlosAdmin","actor_email":"admin@admin.com","ip_address":"::1","user_agent":"Mozilla/5.0 (X11; Linux x86_64; rv:140.0) Gecko/20100101 Firefox/140.0","timestamp":"2025-10-07T03:03:44+00:00"}
[2025-10-07 03:03:44] [INFO] Aplicación iniciada []
[2025-10-07 03:03:49] [INFO] Aplicación iniciada []
[2025-10-07 03:03:50] [INFO] Aplicación iniciada []
[2025-10-07 03:03:50] [INFO] Intentando eliminar usuario {"target_user_id":38,"actor_user_id":39,"actor_username":"CarlosAdmin","actor_email":"admin@admin.com","ip_address":"::1","user_agent":"Mozilla/5.0 (X11; Linux x86_64; rv:140.0) Gecko/20100101 Firefox/140.0","timestamp":"2025-10-07T03:03:50+00:00"}
[2025-10-07 03:03:50] [WARNING] ⚠️ Usuario eliminado (soft delete) {"action":"USER_DELETED","target_user_id":38,"target_email":"popeyu@gmail.com","actor_user_id":39,"actor_username":"CarlosAdmin","actor_email":"admin@admin.com","ip_address":"::1","user_agent":"Mozilla/5.0 (X11; Linux x86_64; rv:140.0) Gecko/20100101 Firefox/140.0","timestamp":"2025-10-07T03:03:50+00:00"}
[2025-10-07 03:03:50] [INFO] Aplicación iniciada []
[2025-10-07 03:03:52] [INFO] Aplicación iniciada []
[2025-10-07 03:04:11] [INFO] Aplicación iniciada []
[2025-10-07 03:04:20] [INFO] Aplicación iniciada []
[2025-10-07 03:05:02] [INFO] Aplicación iniciada []
[2025-10-07 03:05:05] [INFO] Aplicación iniciada []
[2025-10-07 03:05:07] [INFO] Aplicación iniciada []
[2025-10-07 03:05:08] [INFO] Aplicación iniciada []
[2025-10-07 03:05:11] [INFO] Aplicación iniciada []
[2025-10-07 03:10:25] [INFO] Aplicación iniciada []
[2025-10-07 03:10:27] [INFO] Aplicación iniciada []
[2025-10-07 03:11:19] [INFO] Aplicación iniciada []
[2025-10-07 03:11:21] [INFO] Aplicación iniciada []
[2025-10-07 03:11:23] [INFO] Aplicación iniciada []
[2025-10-07 03:17:45] [INFO] Aplicación iniciada []
[2025-10-07 03:18:04] [INFO] Aplicación iniciada []
[2025-10-07 03:18:17] [INFO] Aplicación iniciada []
[2025-10-07 03:18:17] [INFO] Aplicación iniciada []
[2025-10-07 03:18:19] [INFO] Aplicación iniciada []
[2025-10-07 03:18:21] [INFO] Aplicación iniciada []
[2025-10-07 03:18:22] [INFO] Aplicación iniciada []
[2025-10-07 03:18:29] [INFO] Aplicación iniciada []
[2025-10-07 03:18:51] [INFO] Aplicación iniciada []
[2025-10-07 03:18:51] [ERROR] Registro falló: Datos inválidos en createUserHashed. []
[2025-10-07 03:18:51] [INFO] Aplicación iniciada []
[2025-10-07 03:19:02] [INFO] Aplicación iniciada []
[2025-10-07 03:19:02] [ERROR] Registro falló: Datos inválidos en createUserHashed. []
[2025-10-07 03:19:02] [INFO] Aplicación iniciada []
[2025-10-07 03:20:36] [INFO] Aplicación iniciada []
[2025-10-07 03:20:36] [ERROR] Registro falló: Datos inválidos en createUserHashed. []
[2025-10-07 03:20:36] [INFO] Aplicación iniciada []
[2025-10-07 03:21:52] [INFO] Aplicación iniciada []
[2025-10-07 04:20:40] [INFO] Aplicación iniciada []
[2025-10-07 04:20:41] [INFO] Aplicación iniciada []
[2025-10-07 04:20:53] [INFO] Aplicación iniciada []
[2025-10-07 04:20:54] [INFO] Aplicación iniciada []
[2025-10-07 04:20:55] [INFO] Aplicación iniciada []
[2025-10-07 04:20:57] [INFO] Aplicación iniciada []
[2025-10-07 04:21:03] [INFO] Aplicación iniciada []
[2025-10-07 04:21:03] [INFO] Intentando actualizar usuario {"target_user_id":43,"target_email":"sales32@gmail.com","has_password_change":false,"actor_user_id":39,"actor_username":"CarlosAdmin","actor_email":"admin@admin.com","ip_address":"::1","user_agent":"Mozilla/5.0 (X11; Linux x86_64; rv:140.0) Gecko/20100101 Firefox/140.0","timestamp":"2025-10-07T04:21:03+00:00"}
[2025-10-07 04:21:03] [INFO] ✅ Usuario actualizado {"action":"USER_UPDATED","target_user_id":43,"target_email":"sales32@gmail.com","target_name":"sales32@gmail.com","target_role":"user","password_changed":false,"old_email":"sales32@gmail.com","old_name":"sales32@gmail.com","old_role":"user","actor_user_id":39,"actor_username":"CarlosAdmin","actor_email":"admin@admin.com","ip_address":"::1","user_agent":"Mozilla/5.0 (X11; Linux x86_64; rv:140.0) Gecko/20100101 Firefox/140.0","timestamp":"2025-10-07T04:21:03+00:00"}
[2025-10-07 04:21:03] [INFO] Aplicación iniciada []
[2025-10-07 04:21:08] [INFO] Aplicación iniciada []
[2025-10-07 04:21:11] [INFO] Aplicación iniciada []
[2025-10-07 04:21:11] [INFO] Intentando actualizar usuario {"target_user_id":43,"target_email":"sales32@gmail.com","has_password_change":false,"actor_user_id":39,"actor_username":"CarlosAdmin","actor_email":"admin@admin.com","ip_address":"::1","user_agent":"Mozilla/5.0 (X11; Linux x86_64; rv:140.0) Gecko/20100101 Firefox/140.0","timestamp":"2025-10-07T04:21:11+00:00"}
[2025-10-07 04:21:11] [INFO] ✅ Usuario actualizado {"action":"USER_UPDATED","target_user_id":43,"target_email":"sales32@gmail.com","target_name":"sales32@gmail.com","target_role":"admin","password_changed":false,"old_email":"sales32@gmail.com","old_name":"sales32@gmail.com","old_role":"user","actor_user_id":39,"actor_username":"CarlosAdmin","actor_email":"admin@admin.com","ip_address":"::1","user_agent":"Mozilla/5.0 (X11; Linux x86_64; rv:140.0) Gecko/20100101 Firefox/140.0","timestamp":"2025-10-07T04:21:11+00:00"}
[2025-10-07 04:21:11] [INFO] Aplicación iniciada []
[2025-10-07 04:23:25] [INFO] Aplicación iniciada []
[2025-10-07 04:23:28] [INFO] Aplicación iniciada []
[2025-10-07 04:23:28] [INFO] Intentando actualizar usuario {"target_user_id":43,"target_email":"sales32@gmail.com","has_password_change":false,"actor_user_id":39,"actor_username":"CarlosAdmin","actor_email":"admin@admin.com","ip_address":"::1","user_agent":"Mozilla/5.0 (X11; Linux x86_64; rv:140.0) Gecko/20100101 Firefox/140.0","timestamp":"2025-10-07T04:23:28+00:00"}
[2025-10-07 04:23:28] [INFO] ✅ Usuario actualizado {"action":"USER_UPDATED","target_user_id":43,"target_email":"sales32@gmail.com","target_name":"sales32@gmail.com","target_role":"facturador","password_changed":false,"old_email":"sales32@gmail.com","old_name":"sales32@gmail.com","old_role":"user","actor_user_id":39,"actor_username":"CarlosAdmin","actor_email":"admin@admin.com","ip_address":"::1","user_agent":"Mozilla/5.0 (X11; Linux x86_64; rv:140.0) Gecko/20100101 Firefox/140.0","timestamp":"2025-10-07T04:23:28+00:00"}
[2025-10-07 04:23:28] [INFO] Aplicación iniciada []
[2025-10-07 04:23:31] [INFO] Aplicación iniciada []
[2025-10-07 04:23:34] [INFO] Aplicación iniciada []
[2025-10-07 04:23:34] [INFO] Intentando actualizar usuario {"target_user_id":40,"target_email":"cli@gmail.com","has_password_change":false,"actor_user_id":39,"actor_username":"CarlosAdmin","actor_email":"admin@admin.com","ip_address":"::1","user_agent":"Mozilla/5.0 (X11; Linux x86_64; rv:140.0) Gecko/20100101 Firefox/140.0","timestamp":"2025-10-07T04:23:34+00:00"}
[2025-10-07 04:23:34] [INFO] ✅ Usuario actualizado {"action":"USER_UPDATED","target_user_id":40,"target_email":"cli@gmail.com","target_name":"cli cl","target_role":"liquidador","password_changed":false,"old_email":"cli@gmail.com","old_name":"cli cl","old_role":"user","actor_user_id":39,"actor_username":"CarlosAdmin","actor_email":"admin@admin.com","ip_address":"::1","user_agent":"Mozilla/5.0 (X11; Linux x86_64; rv:140.0) Gecko/20100101 Firefox/140.0","timestamp":"2025-10-07T04:23:34+00:00"}
[2025-10-07 04:23:34] [INFO] Aplicación iniciada []
[2025-10-07 04:23:37] [INFO] Aplicación iniciada []
[2025-10-07 04:23:57] [INFO] Aplicación iniciada []
[2025-10-07 04:23:57] [INFO] Intentando actualizar usuario {"target_user_id":26,"target_email":"usu789@gmail.com","has_password_change":true,"actor_user_id":39,"actor_username":"CarlosAdmin","actor_email":"admin@admin.com","ip_address":"::1","user_agent":"Mozilla/5.0 (X11; Linux x86_64; rv:140.0) Gecko/20100101 Firefox/140.0","timestamp":"2025-10-07T04:23:57+00:00"}
[2025-10-07 04:23:57] [INFO] ✅ Usuario actualizado {"action":"USER_UPDATED","target_user_id":26,"target_email":"usu789@gmail.com","target_name":"usuario789","target_role":"vendedor_sistema","password_changed":true,"old_email":"usu5@gmail.com","old_name":"usuario5","old_role":"user","actor_user_id":39,"actor_username":"CarlosAdmin","actor_email":"admin@admin.com","ip_address":"::1","user_agent":"Mozilla/5.0 (X11; Linux x86_64; rv:140.0) Gecko/20100101 Firefox/140.0","timestamp":"2025-10-07T04:23:57+00:00"}
[2025-10-07 04:23:57] [INFO] Aplicación iniciada []
[2025-10-07 04:37:41] [INFO] Aplicación iniciada []
[2025-10-07 04:37:45] [INFO] Aplicación iniciada []
[2025-10-07 04:37:45] [INFO] Aplicación iniciada []
