[2025-10-05 06:47:59] app.ERROR: Aplicación iniciada []
[2025-10-05 06:48:02] app.ERROR: Aplicación iniciada []
[2025-10-05 06:48:22] app.ERROR: Aplicación iniciada []
[2025-10-05 06:48:22] app.ERROR: Aplicación iniciada []
[2025-10-05 06:48:24] app.ERROR: Aplicación iniciada []
[2025-10-05 06:48:25] app.ERROR: Aplicación iniciada []
[2025-10-05 06:48:50] app.ERROR: Aplicación iniciada []
[2025-10-05 06:48:50] app.ERROR: Unhandled exception: Non-static method Enoc\Login\Core\LogManager::error() cannot be called statically #0 /home/enoc/Login/public/index.php(229): Enoc\Login\Core\Router->dispatch() #1 {main} []
[2025-10-05 07:02:57] app.ERROR: Aplicación iniciada []
[2025-10-05 07:02:58] app.ERROR: Aplicación iniciada []
[2025-10-05 07:03:13] app.ERROR: Aplicación iniciada []
[2025-10-05 07:03:13] app.ERROR: Aplicación iniciada []
[2025-10-05 07:03:15] app.ERROR: Aplicación iniciada []
[2025-10-05 07:03:16] app.ERROR: Aplicación iniciada []
[2025-10-05 07:03:33] app.ERROR: Aplicación iniciada []
[2025-10-05 07:03:33] app.ERROR: Router handler exception: Class "Enoc\Login\Controllers\AuditContext" not found []
[2025-10-05 07:07:34] app.INFO: Aplicación iniciada []
[2025-10-05 07:07:34] app.ERROR: Router handler exception: Class "Enoc\Login\Controllers\AuditContext" not found []
[2025-10-05 07:08:08] app.INFO: Aplicación iniciada []
[2025-10-05 07:08:08] app.INFO: Intentando crear usuario {"target_email":"alv@gmail.com","target_role":"user","actor_user_id":1,"actor_username":"Carlos","actor_email":"admin@prueba.com","ip_address":"::1","user_agent":"Mozilla/5.0 (X11; Linux x86_64; rv:140.0) Gecko/20100101 Firefox/140.0","timestamp":"2025-10-05T07:08:08+00:00"}
[2025-10-05 07:08:08] app.INFO: ✅ Usuario creado exitosamente {"action":"USER_CREATED","target_user_id":37,"target_email":"alv@gmail.com","target_name":"alv","target_role":"user","actor_user_id":1,"actor_username":"Carlos","actor_email":"admin@prueba.com","ip_address":"::1","user_agent":"Mozilla/5.0 (X11; Linux x86_64; rv:140.0) Gecko/20100101 Firefox/140.0","timestamp":"2025-10-05T07:08:08+00:00"}
[2025-10-05 07:08:08] app.INFO: Aplicación iniciada []
[2025-10-05 07:08:19] app.INFO: Aplicación iniciada []
[2025-10-05 07:08:20] app.INFO: Aplicación iniciada []
[2025-10-05 07:08:20] app.INFO: Intentando eliminar usuario {"target_user_id":37,"actor_user_id":1,"actor_username":"Carlos","actor_email":"admin@prueba.com","ip_address":"::1","user_agent":"Mozilla/5.0 (X11; Linux x86_64; rv:140.0) Gecko/20100101 Firefox/140.0","timestamp":"2025-10-05T07:08:20+00:00"}
[2025-10-05 07:08:20] app.WARNING: ⚠️ Usuario eliminado (soft delete) {"action":"USER_DELETED","target_user_id":37,"target_email":"alv@gmail.com","actor_user_id":1,"actor_username":"Carlos","actor_email":"admin@prueba.com","ip_address":"::1","user_agent":"Mozilla/5.0 (X11; Linux x86_64; rv:140.0) Gecko/20100101 Firefox/140.0","timestamp":"2025-10-05T07:08:20+00:00"}
[2025-10-05 07:08:20] app.INFO: Aplicación iniciada []
[2025-10-05 07:08:21] app.INFO: Aplicación iniciada []
[2025-10-05 07:08:25] app.INFO: Aplicación iniciada []
[2025-10-05 07:08:25] app.INFO: Intentando actualizar usuario {"target_user_id":27,"target_email":"usu65@gmail.com","has_password_change":false,"actor_user_id":1,"actor_username":"Carlos","actor_email":"admin@prueba.com","ip_address":"::1","user_agent":"Mozilla/5.0 (X11; Linux x86_64; rv:140.0) Gecko/20100101 Firefox/140.0","timestamp":"2025-10-05T07:08:25+00:00"}
[2025-10-05 07:08:25] app.INFO: ✅ Usuario actualizado {"action":"USER_UPDATED","target_user_id":27,"target_email":"usu65@gmail.com","target_name":"dfadsfaf","target_role":"user","password_changed":false,"old_email":"usu65@gmail.com","old_name":"usuario65","old_role":"user","actor_user_id":1,"actor_username":"Carlos","actor_email":"admin@prueba.com","ip_address":"::1","user_agent":"Mozilla/5.0 (X11; Linux x86_64; rv:140.0) Gecko/20100101 Firefox/140.0","timestamp":"2025-10-05T07:08:25+00:00"}
[2025-10-05 07:08:25] app.INFO: Aplicación iniciada []
[2025-10-05 07:08:27] app.INFO: Aplicación iniciada []
[2025-10-05 07:08:31] app.INFO: Aplicación iniciada []
[2025-10-05 07:08:31] app.INFO: Intentando actualizar usuario {"target_user_id":27,"target_email":"usu7@gmail.com","has_password_change":false,"actor_user_id":1,"actor_username":"Carlos","actor_email":"admin@prueba.com","ip_address":"::1","user_agent":"Mozilla/5.0 (X11; Linux x86_64; rv:140.0) Gecko/20100101 Firefox/140.0","timestamp":"2025-10-05T07:08:31+00:00"}
[2025-10-05 07:08:31] app.INFO: ✅ Usuario actualizado {"action":"USER_UPDATED","target_user_id":27,"target_email":"usu7@gmail.com","target_name":"dfadsfaf","target_role":"user","password_changed":false,"old_email":"usu65@gmail.com","old_name":"dfadsfaf","old_role":"user","actor_user_id":1,"actor_username":"Carlos","actor_email":"admin@prueba.com","ip_address":"::1","user_agent":"Mozilla/5.0 (X11; Linux x86_64; rv:140.0) Gecko/20100101 Firefox/140.0","timestamp":"2025-10-05T07:08:31+00:00"}
[2025-10-05 07:08:31] app.INFO: Aplicación iniciada []
[2025-10-05 07:08:34] app.INFO: Aplicación iniciada []
[2025-10-05 07:08:39] app.INFO: Aplicación iniciada []
[2025-10-05 07:08:39] app.INFO: Intentando actualizar usuario {"target_user_id":26,"target_email":"usu7@gmail.com","has_password_change":false,"actor_user_id":1,"actor_username":"Carlos","actor_email":"admin@prueba.com","ip_address":"::1","user_agent":"Mozilla/5.0 (X11; Linux x86_64; rv:140.0) Gecko/20100101 Firefox/140.0","timestamp":"2025-10-05T07:08:39+00:00"}
[2025-10-05 07:08:39] app.WARNING: Email duplicado en actualización {"target_user_id":26,"target_email":"usu7@gmail.com","conflicting_user_id":27,"actor_user_id":1,"actor_username":"Carlos","actor_email":"admin@prueba.com","ip_address":"::1","user_agent":"Mozilla/5.0 (X11; Linux x86_64; rv:140.0) Gecko/20100101 Firefox/140.0","timestamp":"2025-10-05T07:08:39+00:00"}
[2025-10-05 07:08:39] app.INFO: Aplicación iniciada []
[2025-10-05 07:08:43] app.INFO: Aplicación iniciada []
[2025-10-05 07:08:43] app.INFO: Intentando actualizar usuario {"target_user_id":26,"target_email":"usu7@gmail.com","has_password_change":false,"actor_user_id":1,"actor_username":"Carlos","actor_email":"admin@prueba.com","ip_address":"::1","user_agent":"Mozilla/5.0 (X11; Linux x86_64; rv:140.0) Gecko/20100101 Firefox/140.0","timestamp":"2025-10-05T07:08:43+00:00"}
[2025-10-05 07:08:43] app.WARNING: Email duplicado en actualización {"target_user_id":26,"target_email":"usu7@gmail.com","conflicting_user_id":27,"actor_user_id":1,"actor_username":"Carlos","actor_email":"admin@prueba.com","ip_address":"::1","user_agent":"Mozilla/5.0 (X11; Linux x86_64; rv:140.0) Gecko/20100101 Firefox/140.0","timestamp":"2025-10-05T07:08:43+00:00"}
[2025-10-05 07:08:43] app.INFO: Aplicación iniciada []
[2025-10-05 07:09:24] app.INFO: Aplicación iniciada []
[2025-10-05 07:13:59] app.INFO: Aplicación iniciada []
[2025-10-05 07:14:09] app.INFO: Aplicación iniciada []
[2025-10-05 07:14:11] app.INFO: Aplicación iniciada []
[2025-10-05 07:14:12] app.INFO: Aplicación iniciada []
[2025-10-05 07:14:12] app.INFO: Aplicación iniciada []
[2025-10-05 07:14:18] app.INFO: Aplicación iniciada []
[2025-10-05 07:14:27] app.INFO: Aplicación iniciada []
[2025-10-05 07:14:45] app.INFO: Aplicación iniciada []
[2025-10-05 07:14:45] app.INFO: Aplicación iniciada []
[2025-10-05 07:14:47] app.INFO: Aplicación iniciada []
[2025-10-05 07:15:05] app.INFO: Aplicación iniciada []
[2025-10-05 07:15:05] app.INFO: Aplicación iniciada []
[2025-10-05 23:26:45] app.INFO: Aplicación iniciada []
[2025-10-05 23:26:45] app.INFO: Aplicación iniciada []
[2025-10-05 23:26:46] app.INFO: Aplicación iniciada []
[2025-10-05 23:27:03] app.INFO: Aplicación iniciada []
[2025-10-05 23:27:03] app.INFO: Aplicación iniciada []
[2025-10-05 23:27:04] app.INFO: Aplicación iniciada []
[2025-10-05 23:53:35] app.INFO: Aplicación iniciada []
[2025-10-05 23:53:36] app.INFO: Aplicación iniciada []
[2025-10-06 00:30:05] app.INFO: Aplicación iniciada []
[2025-10-06 00:31:29] app.INFO: Aplicación iniciada []
[2025-10-06 00:31:52] app.INFO: Aplicación iniciada []
[2025-10-06 00:32:40] app.INFO: Aplicación iniciada []
[2025-10-06 00:32:57] app.INFO: Aplicación iniciada []
[2025-10-06 00:32:57] app.INFO: Aplicación iniciada []
[2025-10-06 00:32:59] app.INFO: Aplicación iniciada []
[2025-10-06 00:33:02] app.INFO: Aplicación iniciada []
[2025-10-06 00:33:45] app.INFO: Aplicación iniciada []
[2025-10-06 00:33:45] app.INFO: Intentando crear usuario {"target_email":"admin@admin.com","target_role":"admin","actor_user_id":1,"actor_username":"Carlos","actor_email":"admin@prueba.com","ip_address":"::1","user_agent":"Mozilla/5.0 (X11; Linux x86_64; rv:140.0) Gecko/20100101 Firefox/140.0","timestamp":"2025-10-06T00:33:45+00:00"}
[2025-10-06 00:33:45] app.INFO: ✅ Usuario creado exitosamente {"action":"USER_CREATED","target_user_id":39,"target_email":"admin@admin.com","target_name":"CarlosAdmin","target_role":"admin","actor_user_id":1,"actor_username":"Carlos","actor_email":"admin@prueba.com","ip_address":"::1","user_agent":"Mozilla/5.0 (X11; Linux x86_64; rv:140.0) Gecko/20100101 Firefox/140.0","timestamp":"2025-10-06T00:33:45+00:00"}
[2025-10-06 00:33:45] app.INFO: Aplicación iniciada []
[2025-10-06 00:33:51] app.INFO: Aplicación iniciada []
[2025-10-06 00:33:52] app.INFO: Aplicación iniciada []
[2025-10-06 00:33:55] app.INFO: Aplicación iniciada []
[2025-10-06 00:33:56] app.INFO: Aplicación iniciada []
[2025-10-06 00:33:56] app.INFO: Intentando eliminar usuario {"target_user_id":20,"actor_user_id":1,"actor_username":"Carlos","actor_email":"admin@prueba.com","ip_address":"::1","user_agent":"Mozilla/5.0 (X11; Linux x86_64; rv:140.0) Gecko/20100101 Firefox/140.0","timestamp":"2025-10-06T00:33:56+00:00"}
[2025-10-06 00:33:56] app.WARNING: ⚠️ Usuario eliminado (soft delete) {"action":"USER_DELETED","target_user_id":20,"target_email":"jairo@gmail.com","actor_user_id":1,"actor_username":"Carlos","actor_email":"admin@prueba.com","ip_address":"::1","user_agent":"Mozilla/5.0 (X11; Linux x86_64; rv:140.0) Gecko/20100101 Firefox/140.0","timestamp":"2025-10-06T00:33:56+00:00"}
[2025-10-06 00:33:56] app.INFO: Aplicación iniciada []
[2025-10-06 00:36:01] app.INFO: Aplicación iniciada []
[2025-10-06 00:36:04] app.INFO: Aplicación iniciada []
[2025-10-06 00:36:05] app.INFO: Aplicación iniciada []
[2025-10-06 00:36:06] app.INFO: Aplicación iniciada []
[2025-10-06 00:36:19] app.INFO: Aplicación iniciada []
[2025-10-06 00:36:19] app.INFO: Aplicación iniciada []
[2025-10-06 00:36:34] app.INFO: Aplicación iniciada []
[2025-10-06 00:36:34] app.INFO: Aplicación iniciada []
[2025-10-06 00:36:35] app.INFO: Aplicación iniciada []
[2025-10-06 00:38:49] app.INFO: Aplicación iniciada []
[2025-10-06 00:50:08] app.INFO: Prueba de logging {"action":"TEST_ACTION","actor_user_id":1,"test_field":"test_value","actor_username":"test_user","actor_email":"test@example.com","ip_address":"127.0.0.1","user_agent":"Test Script","timestamp":"2025-10-06T00:50:08+00:00"}
